This is pdfTeX, Version 3.141592653-2.6-1.40.27 (MiKTeX 25.4) (preloaded format=latex 2026.3.11)  31 MAR 2026 16:34
entering extended mode
 restricted \write18 enabled.
 %&-line parsing enabled.
**\scrollmode

*
(Please type a command or say `\end')
*\documentclass[12pt]{article}

*\let\paperwidthsave\paperwidth\let\paperwidth\undefined
(C:\Users\sewak\AppData\Local\Programs\MiKTeX\tex/latex/base\article.cls
Document Class: article 2025/01/22 v1.4n Standard LaTeX document class
(C:\Users\sewak\AppData\Local\Programs\MiKTeX\tex/latex/base\size12.clo
File: size12.clo 2025/01/22 v1.4n Standard LaTeX file (size option)
)
\c@part=\count275
\c@section=\count276
\c@subsection=\count277
\c@subsubsection=\count278
\c@paragraph=\count279
\c@subparagraph=\count280
\c@figure=\count281
\c@table=\count282
\abovecaptionskip=\skip49
\belowcaptionskip=\skip50
\bibindent=\dimen148
)
*\usepackage{graphicx}

*\let\paperwidth\paperwidthsave
(C:\Users\sewak\AppData\Local\Programs\MiKTeX\tex/latex/graphics\graphicx.sty
Package: graphicx 2024/12/31 v1.2e Enhanced LaTeX Graphics (DPC,SPQR)

(C:\Users\sewak\AppData\Local\Programs\MiKTeX\tex/latex/graphics\keyval.sty
Package: keyval 2022/05/29 v1.15 key=value parser (DPC)
\KV@toks@=\toks17
)
(C:\Users\sewak\AppData\Local\Programs\MiKTeX\tex/latex/graphics\graphics.sty
Package: graphics 2024/08/06 v1.4g Standard LaTeX Graphics (DPC,SPQR)

(C:\Users\sewak\AppData\Local\Programs\MiKTeX\tex/latex/graphics\trig.sty
Package: trig 2023/12/02 v1.11 sin cos tan (DPC)
)
(C:\Users\sewak\AppData\Local\Programs\MiKTeX\tex/latex/graphics-cfg\graphics.c
fg
File: graphics.cfg 2016/06/04 v1.11 sample graphics configuration
)
Package graphics Info: Driver file: dvips.def on input line 106.

(C:\Users\sewak\AppData\Local\Programs\MiKTeX\tex/latex/graphics-def\dvips.def
File: dvips.def 2022/09/22 v3.1e Graphics/color driver for dvips
))
\Gin@req@height=\dimen149
\Gin@req@width=\dimen150
)
*\usepackage{type1cm}

*
(C:\Users\sewak\AppData\Local\Programs\MiKTeX\tex/latex/type1cm\type1cm.sty
Package: type1cm 2002/09/05 v0.04 BlueSky/Y&Y Type1 CM font definitions (DPC, p
atched RF)
)
(Please type a command or say `\end')
*
(Please type a command or say `\end')
*\usepackage{amsmath,amssymb}

*
(C:\Users\sewak\AppData\Local\Programs\MiKTeX\tex/latex/amsmath\amsmath.sty
Package: amsmath 2025/07/09 v2.17z AMS math features
\@mathmargin=\skip51

For additional information on amsmath, use the `?' option.
(C:\Users\sewak\AppData\Local\Programs\MiKTeX\tex/latex/amsmath\amstext.sty
Package: amstext 2024/11/17 v2.01 AMS text

(C:\Users\sewak\AppData\Local\Programs\MiKTeX\tex/latex/amsmath\amsgen.sty
File: amsgen.sty 1999/11/30 v2.0 generic functions
\@emptytoks=\toks18
\ex@=\dimen151
))
(C:\Users\sewak\AppData\Local\Programs\MiKTeX\tex/latex/amsmath\amsbsy.sty
Package: amsbsy 1999/11/29 v1.2d Bold Symbols
\pmbraise@=\dimen152
)
(C:\Users\sewak\AppData\Local\Programs\MiKTeX\tex/latex/amsmath\amsopn.sty
Package: amsopn 2022/04/08 v2.04 operator names
)
\inf@bad=\count283
LaTeX Info: Redefining \frac on input line 233.
\uproot@=\count284
\leftroot@=\count285
LaTeX Info: Redefining \overline on input line 398.
LaTeX Info: Redefining \colon on input line 409.
\classnum@=\count286
\DOTSCASE@=\count287
LaTeX Info: Redefining \ldots on input line 495.
LaTeX Info: Redefining \dots on input line 498.
LaTeX Info: Redefining \cdots on input line 619.
\Mathstrutbox@=\box53
\strutbox@=\box54
LaTeX Info: Redefining \big on input line 721.
LaTeX Info: Redefining \Big on input line 722.
LaTeX Info: Redefining \bigg on input line 723.
LaTeX Info: Redefining \Bigg on input line 724.
\big@size=\dimen153
LaTeX Font Info:    Redeclaring font encoding OML on input line 742.
LaTeX Font Info:    Redeclaring font encoding OMS on input line 743.
\macc@depth=\count288
LaTeX Info: Redefining \bmod on input line 904.
LaTeX Info: Redefining \pmod on input line 909.
LaTeX Info: Redefining \smash on input line 939.
LaTeX Info: Redefining \relbar on input line 969.
LaTeX Info: Redefining \Relbar on input line 970.
\c@MaxMatrixCols=\count289
\dotsspace@=\muskip17
\c@parentequation=\count290
\dspbrk@lvl=\count291
\tag@help=\toks19
\row@=\count292
\column@=\count293
\maxfields@=\count294
\andhelp@=\toks20
\eqnshift@=\dimen154
\alignsep@=\dimen155
\tagshift@=\dimen156
\tagwidth@=\dimen157
\totwidth@=\dimen158
\lineht@=\dimen159
\@envbody=\toks21
\multlinegap=\skip52
\multlinetaggap=\skip53
\mathdisplay@stack=\toks22
LaTeX Info: Redefining \[ on input line 2950.
LaTeX Info: Redefining \] on input line 2951.
)
(C:\Users\sewak\AppData\Local\Programs\MiKTeX\tex/latex/amsfonts\amssymb.sty
Package: amssymb 2013/01/14 v3.01 AMS font symbols

(C:\Users\sewak\AppData\Local\Programs\MiKTeX\tex/latex/amsfonts\amsfonts.sty
Package: amsfonts 2013/01/14 v3.01 Basic AMSFonts support
\symAMSa=\mathgroup4
\symAMSb=\mathgroup5
LaTeX Font Info:    Redeclaring math symbol \hbar on input line 98.
LaTeX Font Info:    Overwriting math alphabet `\mathfrak' in version `bold'
(Font)                  U/euf/m/n --> U/euf/b/n on input line 106.
))
(Please type a command or say `\end')
*
(Please type a command or say `\end')
*\newbox\ASYbox
\ASYbox=\box55

*\newdimen\ASYdimen
\ASYdimen=\dimen160

*\def\ASYprefix{}

*\long\def\ASYbase#1#2{\leavevmode\setbox\ASYbox=\hbox{#1}%\ASYdimen=\ht\ASYbox
%

*\setbox\ASYbox=\hbox{#2}\lower\ASYdimen\box\ASYbox}

*\makeatletter

*\def\Ginclude@eps#1{%

* \message{<#1>}%

*  \bgroup

*  \def\@tempa{!}%

*  \dimen@\Gin@req@width

*  \dimen@ii.1bp%

*  \divide\dimen@\dimen@ii

*  \@tempdima\Gin@req@height

*  \divide\@tempdima\dimen@ii

*    \special{PSfile=#1\space

*      llx=\Gin@llx\space

*      lly=\Gin@lly\space

*      urx=\Gin@urx\space

*      ury=\Gin@ury\space

*      \ifx\Gin@scalex\@tempa\else rwi=\number\dimen@\space\fi

*      \ifx\Gin@scaley\@tempa\else rhi=\number\@tempdima\space\fi

*      \ifGin@clip clip\fi}%

*  \egroup}

*\makeatother

*\begin{document}

(C:\Users\sewak\AppData\Local\Programs\MiKTeX\tex/latex/l3backend\l3backend-dvi
ps.def
File: l3backend-dvips.def 2025-06-09 L3 backend support: dvips
\l__pdfannot_backend_content_box=\box56
\l__pdfannot_backend_model_box=\box57
\g__pdfannot_backend_int=\count295
\g__pdfannot_backend_link_int=\count296
\g__pdfannot_backend_link_sf_int=\count297
)
No file texput.aux.
\openout1 = `texput.aux'.

LaTeX Font Info:    Checking defaults for OML/cmm/m/it on input line 0.
LaTeX Font Info:    ... okay on input line 0.
LaTeX Font Info:    Checking defaults for OMS/cmsy/m/n on input line 0.
LaTeX Font Info:    ... okay on input line 0.
LaTeX Font Info:    Checking defaults for OT1/cmr/m/n on input line 0.
LaTeX Font Info:    ... okay on input line 0.
LaTeX Font Info:    Checking defaults for T1/cmr/m/n on input line 0.
LaTeX Font Info:    ... okay on input line 0.
LaTeX Font Info:    Checking defaults for TS1/cmr/m/n on input line 0.
LaTeX Font Info:    ... okay on input line 0.
LaTeX Font Info:    Checking defaults for OMX/cmex/m/n on input line 0.
LaTeX Font Info:    ... okay on input line 0.
LaTeX Font Info:    Checking defaults for U/cmr/m/n on input line 0.
LaTeX Font Info:    ... okay on input line 0.

*\makeatletter%

*\let\ASYencoding\f@encoding%

*\let\ASYfamily\f@family%

*\let\ASYseries\f@series%

*\let\ASYshape\f@shape%

*\makeatother%

*\fontsize{12}{14.4}\selectfont%

*
(Please type a command or say `\end')
*\usefont{\ASYencoding}{\ASYfamily}{\ASYseries}{\ASYshape}%

*
(Please type a command or say `\end')
*\setbox\ASYbox=\hbox{$O_2$}

*
(Please type a command or say `\end')
*\immediate\write16{>dim(\the\wd\ASYbox)dim}
>dim(13.72969pt)dim

*\immediate\write16{>dim(\the\ht\ASYbox)dim}
>dim(8.2pt)dim

*\immediate\write16{>dim(\the\dp\ASYbox)dim}
>dim(1.79999pt)dim

*\fontsize{12}{14.4}\selectfont%

*
(Please type a command or say `\end')
*\usefont{\ASYencoding}{\ASYfamily}{\ASYseries}{\ASYshape}%

*
(Please type a command or say `\end')
*\setbox\ASYbox=\hbox{$O_4$}

*
(Please type a command or say `\end')
*\immediate\write16{>dim(\the\wd\ASYbox)dim}
>dim(13.72969pt)dim

*\immediate\write16{>dim(\the\ht\ASYbox)dim}
>dim(8.2pt)dim

*\immediate\write16{>dim(\the\dp\ASYbox)dim}
>dim(1.79999pt)dim

*\fontsize{12}{14.4}\selectfont%

*
(Please type a command or say `\end')
*\usefont{\ASYencoding}{\ASYfamily}{\ASYseries}{\ASYshape}%

*
(Please type a command or say `\end')
*\setbox\ASYbox=\hbox{$A$}

*
(Please type a command or say `\end')
*\immediate\write16{>dim(\the\wd\ASYbox)dim}
>dim(8.80824pt)dim

*\immediate\write16{>dim(\the\ht\ASYbox)dim}
>dim(8.2pt)dim

*\immediate\write16{>dim(\the\dp\ASYbox)dim}
>dim(0.0pt)dim

*\fontsize{12}{14.4}\selectfont%

*
(Please type a command or say `\end')
*\usefont{\ASYencoding}{\ASYfamily}{\ASYseries}{\ASYshape}%

*
(Please type a command or say `\end')
*\setbox\ASYbox=\hbox{$B$}

*
(Please type a command or say `\end')
*\immediate\write16{>dim(\the\wd\ASYbox)dim}
>dim(9.53186pt)dim

*\immediate\write16{>dim(\the\ht\ASYbox)dim}
>dim(8.2pt)dim

*\immediate\write16{>dim(\the\dp\ASYbox)dim}
>dim(0.0pt)dim

*\fontsize{12}{14.4}\selectfont%

*
(Please type a command or say `\end')
*\usefont{\ASYencoding}{\ASYfamily}{\ASYseries}{\ASYshape}%

*
(Please type a command or say `\end')
*\setbox\ASYbox=\hbox{$4$}

*
(Please type a command or say `\end')
*\immediate\write16{>dim(\the\wd\ASYbox)dim}
>dim(5.87494pt)dim

*\immediate\write16{>dim(\the\ht\ASYbox)dim}
>dim(7.73332pt)dim

*\immediate\write16{>dim(\the\dp\ASYbox)dim}
>dim(0.0pt)dim

*\fontsize{12}{14.4}\selectfont%

*
(Please type a command or say `\end')
*\usefont{\ASYencoding}{\ASYfamily}{\ASYseries}{\ASYshape}%

*
(Please type a command or say `\end')
*\setbox\ASYbox=\hbox{$2$}

*
(Please type a command or say `\end')
*\immediate\write16{>dim(\the\wd\ASYbox)dim}
>dim(5.87494pt)dim

*\immediate\write16{>dim(\the\ht\ASYbox)dim}
>dim(7.73332pt)dim

*\immediate\write16{>dim(\the\dp\ASYbox)dim}
>dim(0.0pt)dim

*\fontsize{12}{14.4}\selectfont%

*
(Please type a command or say `\end')
*\usefont{\ASYencoding}{\ASYfamily}{\ASYseries}{\ASYshape}%

*
(Please type a command or say `\end')
*\setbox\ASYbox=\hbox{$1$}

*
(Please type a command or say `\end')
*\immediate\write16{>dim(\the\wd\ASYbox)dim}
>dim(5.87494pt)dim

*\immediate\write16{>dim(\the\ht\ASYbox)dim}
>dim(7.73332pt)dim

*\immediate\write16{>dim(\the\dp\ASYbox)dim}
>dim(0.0pt)dim

*\fontsize{12}{14.4}\selectfont%

*
(Please type a command or say `\end')
*\usefont{\ASYencoding}{\ASYfamily}{\ASYseries}{\ASYshape}%

*
(Please type a command or say `\end')
*\setbox\ASYbox=\hbox{$3$}

*
(Please type a command or say `\end')
*\immediate\write16{>dim(\the\wd\ASYbox)dim}
>dim(5.87494pt)dim

*\immediate\write16{>dim(\the\ht\ASYbox)dim}
>dim(7.73332pt)dim

*\immediate\write16{>dim(\the\dp\ASYbox)dim}
>dim(0.0pt)dim

*\fontsize{12}{14.4}\selectfont%

*
(Please type a command or say `\end')
*\usefont{\ASYencoding}{\ASYfamily}{\ASYseries}{\ASYshape}%

*
(Please type a command or say `\end')
*\setbox\ASYbox=\hbox{$O_2$}

*
(Please type a command or say `\end')
*\immediate\write16{>dim(\the\wd\ASYbox)dim}
>dim(13.72969pt)dim

*\immediate\write16{>dim(\the\ht\ASYbox)dim}
>dim(8.2pt)dim

*\immediate\write16{>dim(\the\dp\ASYbox)dim}
>dim(1.79999pt)dim

*\setbox\ASYbox=\hbox{$O_4$}

*
(Please type a command or say `\end')
*\immediate\write16{>dim(\the\wd\ASYbox)dim}
>dim(13.72969pt)dim

*\immediate\write16{>dim(\the\ht\ASYbox)dim}
>dim(8.2pt)dim

*\immediate\write16{>dim(\the\dp\ASYbox)dim}
>dim(1.79999pt)dim

*\setbox\ASYbox=\hbox{$A$}

*
(Please type a command or say `\end')
*\immediate\write16{>dim(\the\wd\ASYbox)dim}
>dim(8.80824pt)dim

*\immediate\write16{>dim(\the\ht\ASYbox)dim}
>dim(8.2pt)dim

*\immediate\write16{>dim(\the\dp\ASYbox)dim}
>dim(0.0pt)dim

*\setbox\ASYbox=\hbox{$B$}

*
(Please type a command or say `\end')
*\immediate\write16{>dim(\the\wd\ASYbox)dim}
>dim(9.53186pt)dim

*\immediate\write16{>dim(\the\ht\ASYbox)dim}
>dim(8.2pt)dim

*\immediate\write16{>dim(\the\dp\ASYbox)dim}
>dim(0.0pt)dim

*\setbox\ASYbox=\hbox{$4$}

*
(Please type a command or say `\end')
*\immediate\write16{>dim(\the\wd\ASYbox)dim}
>dim(5.87494pt)dim

*\immediate\write16{>dim(\the\ht\ASYbox)dim}
>dim(7.73332pt)dim

*\immediate\write16{>dim(\the\dp\ASYbox)dim}
>dim(0.0pt)dim

*\setbox\ASYbox=\hbox{$2$}

*
(Please type a command or say `\end')
*\immediate\write16{>dim(\the\wd\ASYbox)dim}
>dim(5.87494pt)dim

*\immediate\write16{>dim(\the\ht\ASYbox)dim}
>dim(7.73332pt)dim

*\immediate\write16{>dim(\the\dp\ASYbox)dim}
>dim(0.0pt)dim

*\setbox\ASYbox=\hbox{$1$}

*
(Please type a command or say `\end')
*\immediate\write16{>dim(\the\wd\ASYbox)dim}
>dim(5.87494pt)dim

*\immediate\write16{>dim(\the\ht\ASYbox)dim}
>dim(7.73332pt)dim

*\immediate\write16{>dim(\the\dp\ASYbox)dim}
>dim(0.0pt)dim

*\setbox\ASYbox=\hbox{$3$}

*
(Please type a command or say `\end')
*\immediate\write16{>dim(\the\wd\ASYbox)dim}
>dim(5.87494pt)dim

*\immediate\write16{>dim(\the\ht\ASYbox)dim}
>dim(7.73332pt)dim

*\immediate\write16{>dim(\the\dp\ASYbox)dim}
>dim(0.0pt)dim

*\fontsize{12}{14.4}\selectfont%

*
(Please type a command or say `\end')
*\usefont{\ASYencoding}{\ASYfamily}{\ASYseries}{\ASYshape}%

*
(Please type a command or say `\end')
*\setbox\ASYbox=\hbox{$O_2$}

*
(Please type a command or say `\end')
*\immediate\write16{>dim(\the\wd\ASYbox)dim}
>dim(13.72969pt)dim

*\immediate\write16{>dim(\the\ht\ASYbox)dim}
>dim(8.2pt)dim

*\immediate\write16{>dim(\the\dp\ASYbox)dim}
>dim(1.79999pt)dim

*\fontsize{12}{14.4}\selectfont%

*
(Please type a command or say `\end')
*\usefont{\ASYencoding}{\ASYfamily}{\ASYseries}{\ASYshape}%

*
(Please type a command or say `\end')
*\setbox\ASYbox=\hbox{$O_4$}

*
(Please type a command or say `\end')
*\immediate\write16{>dim(\the\wd\ASYbox)dim}
>dim(13.72969pt)dim

*\immediate\write16{>dim(\the\ht\ASYbox)dim}
>dim(8.2pt)dim

*\immediate\write16{>dim(\the\dp\ASYbox)dim}
>dim(1.79999pt)dim

*\fontsize{12}{14.4}\selectfont%

*
(Please type a command or say `\end')
*\usefont{\ASYencoding}{\ASYfamily}{\ASYseries}{\ASYshape}%

*
(Please type a command or say `\end')
*\setbox\ASYbox=\hbox{$A$}

*
(Please type a command or say `\end')
*\immediate\write16{>dim(\the\wd\ASYbox)dim}
>dim(8.80824pt)dim

*\immediate\write16{>dim(\the\ht\ASYbox)dim}
>dim(8.2pt)dim

*\immediate\write16{>dim(\the\dp\ASYbox)dim}
>dim(0.0pt)dim

*\fontsize{12}{14.4}\selectfont%

*
(Please type a command or say `\end')
*\usefont{\ASYencoding}{\ASYfamily}{\ASYseries}{\ASYshape}%

*
(Please type a command or say `\end')
*\setbox\ASYbox=\hbox{$B$}

*
(Please type a command or say `\end')
*\immediate\write16{>dim(\the\wd\ASYbox)dim}
>dim(9.53186pt)dim

*\immediate\write16{>dim(\the\ht\ASYbox)dim}
>dim(8.2pt)dim

*\immediate\write16{>dim(\the\dp\ASYbox)dim}
>dim(0.0pt)dim

*\fontsize{12}{14.4}\selectfont%

*
(Please type a command or say `\end')
*\usefont{\ASYencoding}{\ASYfamily}{\ASYseries}{\ASYshape}%

*
(Please type a command or say `\end')
*\setbox\ASYbox=\hbox{$4$}

*
(Please type a command or say `\end')
*\immediate\write16{>dim(\the\wd\ASYbox)dim}
>dim(5.87494pt)dim

*\immediate\write16{>dim(\the\ht\ASYbox)dim}
>dim(7.73332pt)dim

*\immediate\write16{>dim(\the\dp\ASYbox)dim}
>dim(0.0pt)dim

*\fontsize{12}{14.4}\selectfont%

*
(Please type a command or say `\end')
*\usefont{\ASYencoding}{\ASYfamily}{\ASYseries}{\ASYshape}%

*
(Please type a command or say `\end')
*\setbox\ASYbox=\hbox{$2$}

*
(Please type a command or say `\end')
*\immediate\write16{>dim(\the\wd\ASYbox)dim}
>dim(5.87494pt)dim

*\immediate\write16{>dim(\the\ht\ASYbox)dim}
>dim(7.73332pt)dim

*\immediate\write16{>dim(\the\dp\ASYbox)dim}
>dim(0.0pt)dim

*\fontsize{12}{14.4}\selectfont%

*
(Please type a command or say `\end')
*\usefont{\ASYencoding}{\ASYfamily}{\ASYseries}{\ASYshape}%

*
(Please type a command or say `\end')
*\setbox\ASYbox=\hbox{$1$}

*
(Please type a command or say `\end')
*\immediate\write16{>dim(\the\wd\ASYbox)dim}
>dim(5.87494pt)dim

*\immediate\write16{>dim(\the\ht\ASYbox)dim}
>dim(7.73332pt)dim

*\immediate\write16{>dim(\the\dp\ASYbox)dim}
>dim(0.0pt)dim

*\fontsize{12}{14.4}\selectfont%

*
(Please type a command or say `\end')
*\usefont{\ASYencoding}{\ASYfamily}{\ASYseries}{\ASYshape}%

*
(Please type a command or say `\end')
*\setbox\ASYbox=\hbox{$3$}

*
(Please type a command or say `\end')
*\immediate\write16{>dim(\the\wd\ASYbox)dim}
>dim(5.87494pt)dim

*\immediate\write16{>dim(\the\ht\ASYbox)dim}
>dim(7.73332pt)dim

*\immediate\write16{>dim(\the\dp\ASYbox)dim}
>dim(0.0pt)dim

*\fontsize{12}{14.4}\selectfont%

*
(Please type a command or say `\end')
*\usefont{\ASYencoding}{\ASYfamily}{\ASYseries}{\ASYshape}%

*
(Please type a command or say `\end')
*\setbox\ASYbox=\hbox{$o$}

*
(Please type a command or say `\end')
*\immediate\write16{>dim(\the\wd\ASYbox)dim}
>dim(5.64853pt)dim

*\immediate\write16{>dim(\the\ht\ASYbox)dim}
>dim(5.16667pt)dim

*\immediate\write16{>dim(\the\dp\ASYbox)dim}
>dim(0.0pt)dim

*\fontsize{12}{14.4}\selectfont%

*
(Please type a command or say `\end')
*\usefont{\ASYencoding}{\ASYfamily}{\ASYseries}{\ASYshape}%

*
(Please type a command or say `\end')
*\setbox\ASYbox=\hbox{$\overset{\checkmark\checkmark}{v}_{A_2/O_2}$}

*
(Please type a command or say `\end')
*\immediate\write16{>dim(\the\wd\ASYbox)dim}
>dim(41.16946pt)dim

*\immediate\write16{>dim(\the\ht\ASYbox)dim}
>dim(14.27777pt)dim

*\immediate\write16{>dim(\the\dp\ASYbox)dim}
>dim(3.86668pt)dim

*\fontsize{12}{14.4}\selectfont%

*
(Please type a command or say `\end')
*\usefont{\ASYencoding}{\ASYfamily}{\ASYseries}{\ASYshape}%

*
(Please type a command or say `\end')
*\setbox\ASYbox=\hbox{$\overset{?\checkmark}{v}_{A_4/O_4}$}

*
(Please type a command or say `\end')
*\immediate\write16{>dim(\the\wd\ASYbox)dim}
>dim(37.54846pt)dim

*\immediate\write16{>dim(\the\ht\ASYbox)dim}
>dim(14.32222pt)dim

*\immediate\write16{>dim(\the\dp\ASYbox)dim}
>dim(3.86668pt)dim

*\fontsize{12}{14.4}\selectfont%

*
(Please type a command or say `\end')
*\usefont{\ASYencoding}{\ASYfamily}{\ASYseries}{\ASYshape}%

*
(Please type a command or say `\end')
*\setbox\ASYbox=\hbox{$\overset{?\checkmark}{v}_{A_2/A_4}$}

*
(Please type a command or say `\end')
*\immediate\write16{>dim(\the\wd\ASYbox)dim}
>dim(36.99347pt)dim

*\immediate\write16{>dim(\the\ht\ASYbox)dim}
>dim(14.32222pt)dim

*\immediate\write16{>dim(\the\dp\ASYbox)dim}
>dim(3.86668pt)dim

*\fontsize{12}{14.4}\selectfont%

*
(Please type a command or say `\end')
*\usefont{\ASYencoding}{\ASYfamily}{\ASYseries}{\ASYshape}%

*
(Please type a command or say `\end')
*\setbox\ASYbox=\hbox{$b$}

*
(Please type a command or say `\end')
*\immediate\write16{>dim(\the\wd\ASYbox)dim}
>dim(4.99576pt)dim

*\immediate\write16{>dim(\the\ht\ASYbox)dim}
>dim(8.33331pt)dim

*\immediate\write16{>dim(\the\dp\ASYbox)dim}
>dim(0.0pt)dim

*\fontsize{12}{14.4}\selectfont%

*
(Please type a command or say `\end')
*\usefont{\ASYencoding}{\ASYfamily}{\ASYseries}{\ASYshape}%

*
(Please type a command or say `\end')
*\setbox\ASYbox=\hbox{$\overset{\checkmark \checkmark}{v}_{A_4/O_4}$}

*
(Please type a command or say `\end')
*\immediate\write16{>dim(\the\wd\ASYbox)dim}
>dim(41.16946pt)dim

*\immediate\write16{>dim(\the\ht\ASYbox)dim}
>dim(14.27777pt)dim

*\immediate\write16{>dim(\the\dp\ASYbox)dim}
>dim(3.86668pt)dim

*\fontsize{12}{14.4}\selectfont%

*
(Please type a command or say `\end')
*\usefont{\ASYencoding}{\ASYfamily}{\ASYseries}{\ASYshape}%

*
(Please type a command or say `\end')
*\setbox\ASYbox=\hbox{$\overset{\checkmark\checkmark}{v}_{A_2/A_4}$}

*
(Please type a command or say `\end')
*\immediate\write16{>dim(\the\wd\ASYbox)dim}
>dim(40.61447pt)dim

*\immediate\write16{>dim(\the\ht\ASYbox)dim}
>dim(14.27777pt)dim

*\immediate\write16{>dim(\the\dp\ASYbox)dim}
>dim(3.86668pt)dim

*\fontsize{12}{14.4}\selectfont%

*
(Please type a command or say `\end')
*\usefont{\ASYencoding}{\ASYfamily}{\ASYseries}{\ASYshape}%

*
(Please type a command or say `\end')
*\setbox\ASYbox=\hbox{$O_2$}

*
(Please type a command or say `\end')
*\immediate\write16{>dim(\the\wd\ASYbox)dim}
>dim(13.72969pt)dim

*\immediate\write16{>dim(\the\ht\ASYbox)dim}
>dim(8.2pt)dim

*\immediate\write16{>dim(\the\dp\ASYbox)dim}
>dim(1.79999pt)dim

*\setbox\ASYbox=\hbox{$O_4$}

*
(Please type a command or say `\end')
*\immediate\write16{>dim(\the\wd\ASYbox)dim}
>dim(13.72969pt)dim

*\immediate\write16{>dim(\the\ht\ASYbox)dim}
>dim(8.2pt)dim

*\immediate\write16{>dim(\the\dp\ASYbox)dim}
>dim(1.79999pt)dim

*\setbox\ASYbox=\hbox{$A$}

*
(Please type a command or say `\end')
*\immediate\write16{>dim(\the\wd\ASYbox)dim}
>dim(8.80824pt)dim

*\immediate\write16{>dim(\the\ht\ASYbox)dim}
>dim(8.2pt)dim

*\immediate\write16{>dim(\the\dp\ASYbox)dim}
>dim(0.0pt)dim

*\setbox\ASYbox=\hbox{$B$}

*
(Please type a command or say `\end')
*\immediate\write16{>dim(\the\wd\ASYbox)dim}
>dim(9.53186pt)dim

*\immediate\write16{>dim(\the\ht\ASYbox)dim}
>dim(8.2pt)dim

*\immediate\write16{>dim(\the\dp\ASYbox)dim}
>dim(0.0pt)dim

*\setbox\ASYbox=\hbox{$4$}

*
(Please type a command or say `\end')
*\immediate\write16{>dim(\the\wd\ASYbox)dim}
>dim(5.87494pt)dim

*\immediate\write16{>dim(\the\ht\ASYbox)dim}
>dim(7.73332pt)dim

*\immediate\write16{>dim(\the\dp\ASYbox)dim}
>dim(0.0pt)dim

*\setbox\ASYbox=\hbox{$2$}

*
(Please type a command or say `\end')
*\immediate\write16{>dim(\the\wd\ASYbox)dim}
>dim(5.87494pt)dim

*\immediate\write16{>dim(\the\ht\ASYbox)dim}
>dim(7.73332pt)dim

*\immediate\write16{>dim(\the\dp\ASYbox)dim}
>dim(0.0pt)dim

*\setbox\ASYbox=\hbox{$1$}

*
(Please type a command or say `\end')
*\immediate\write16{>dim(\the\wd\ASYbox)dim}
>dim(5.87494pt)dim

*\immediate\write16{>dim(\the\ht\ASYbox)dim}
>dim(7.73332pt)dim

*\immediate\write16{>dim(\the\dp\ASYbox)dim}
>dim(0.0pt)dim

*\setbox\ASYbox=\hbox{$3$}

*
(Please type a command or say `\end')
*\immediate\write16{>dim(\the\wd\ASYbox)dim}
>dim(5.87494pt)dim

*\immediate\write16{>dim(\the\ht\ASYbox)dim}
>dim(7.73332pt)dim

*\immediate\write16{>dim(\the\dp\ASYbox)dim}
>dim(0.0pt)dim

*\setbox\ASYbox=\hbox{$o$}

*
(Please type a command or say `\end')
*\immediate\write16{>dim(\the\wd\ASYbox)dim}
>dim(5.64853pt)dim

*\immediate\write16{>dim(\the\ht\ASYbox)dim}
>dim(5.16667pt)dim

*\immediate\write16{>dim(\the\dp\ASYbox)dim}
>dim(0.0pt)dim

*\setbox\ASYbox=\hbox{$\overset{\checkmark\checkmark}{v}_{A_2/O_2}$}

*
(Please type a command or say `\end')
*\immediate\write16{>dim(\the\wd\ASYbox)dim}
>dim(41.16946pt)dim

*\immediate\write16{>dim(\the\ht\ASYbox)dim}
>dim(14.27777pt)dim

*\immediate\write16{>dim(\the\dp\ASYbox)dim}
>dim(3.86668pt)dim

*\setbox\ASYbox=\hbox{$\overset{?\checkmark}{v}_{A_4/O_4}$}

*
(Please type a command or say `\end')
*\immediate\write16{>dim(\the\wd\ASYbox)dim}
>dim(37.54846pt)dim

*\immediate\write16{>dim(\the\ht\ASYbox)dim}
>dim(14.32222pt)dim

*\immediate\write16{>dim(\the\dp\ASYbox)dim}
>dim(3.86668pt)dim

*\setbox\ASYbox=\hbox{$\overset{?\checkmark}{v}_{A_2/A_4}$}

*
(Please type a command or say `\end')
*\immediate\write16{>dim(\the\wd\ASYbox)dim}
>dim(36.99347pt)dim

*\immediate\write16{>dim(\the\ht\ASYbox)dim}
>dim(14.32222pt)dim

*\immediate\write16{>dim(\the\dp\ASYbox)dim}
>dim(3.86668pt)dim

*\setbox\ASYbox=\hbox{$b$}

*
(Please type a command or say `\end')
*\immediate\write16{>dim(\the\wd\ASYbox)dim}
>dim(4.99576pt)dim

*\immediate\write16{>dim(\the\ht\ASYbox)dim}
>dim(8.33331pt)dim

*\immediate\write16{>dim(\the\dp\ASYbox)dim}
>dim(0.0pt)dim

*\setbox\ASYbox=\hbox{$\overset{\checkmark \checkmark}{v}_{A_4/O_4}$}

*
(Please type a command or say `\end')
*\immediate\write16{>dim(\the\wd\ASYbox)dim}
>dim(41.16946pt)dim

*\immediate\write16{>dim(\the\ht\ASYbox)dim}
>dim(14.27777pt)dim

*\immediate\write16{>dim(\the\dp\ASYbox)dim}
>dim(3.86668pt)dim

*\setbox\ASYbox=\hbox{$\overset{\checkmark\checkmark}{v}_{A_2/A_4}$}

*
(Please type a command or say `\end')
*\immediate\write16{>dim(\the\wd\ASYbox)dim}
>dim(40.61447pt)dim

*\immediate\write16{>dim(\the\ht\ASYbox)dim}
>dim(14.27777pt)dim

*\immediate\write16{>dim(\the\dp\ASYbox)dim}
>dim(3.86668pt)dim

*\fontsize{12}{14.4}\selectfont%

*
(Please type a command or say `\end')
*\usefont{\ASYencoding}{\ASYfamily}{\ASYseries}{\ASYshape}%

*
(Please type a command or say `\end')
*\setbox\ASYbox=\hbox{$O_2$}

*
(Please type a command or say `\end')
*\immediate\write16{>dim(\the\wd\ASYbox)dim}
>dim(13.72969pt)dim

*\immediate\write16{>dim(\the\ht\ASYbox)dim}
>dim(8.2pt)dim

*\immediate\write16{>dim(\the\dp\ASYbox)dim}
>dim(1.79999pt)dim

*\fontsize{12}{14.4}\selectfont%

*
(Please type a command or say `\end')
*\usefont{\ASYencoding}{\ASYfamily}{\ASYseries}{\ASYshape}%

*
(Please type a command or say `\end')
*\setbox\ASYbox=\hbox{$O_4$}

*
(Please type a command or say `\end')
*\immediate\write16{>dim(\the\wd\ASYbox)dim}
>dim(13.72969pt)dim

*\immediate\write16{>dim(\the\ht\ASYbox)dim}
>dim(8.2pt)dim

*\immediate\write16{>dim(\the\dp\ASYbox)dim}
>dim(1.79999pt)dim

*\fontsize{12}{14.4}\selectfont%

*
(Please type a command or say `\end')
*\usefont{\ASYencoding}{\ASYfamily}{\ASYseries}{\ASYshape}%

*
(Please type a command or say `\end')
*\setbox\ASYbox=\hbox{$A$}

*
(Please type a command or say `\end')
*\immediate\write16{>dim(\the\wd\ASYbox)dim}
>dim(8.80824pt)dim

*\immediate\write16{>dim(\the\ht\ASYbox)dim}
>dim(8.2pt)dim

*\immediate\write16{>dim(\the\dp\ASYbox)dim}
>dim(0.0pt)dim

*\fontsize{12}{14.4}\selectfont%

*
(Please type a command or say `\end')
*\usefont{\ASYencoding}{\ASYfamily}{\ASYseries}{\ASYshape}%

*
(Please type a command or say `\end')
*\setbox\ASYbox=\hbox{$B$}

*
(Please type a command or say `\end')
*\immediate\write16{>dim(\the\wd\ASYbox)dim}
>dim(9.53186pt)dim

*\immediate\write16{>dim(\the\ht\ASYbox)dim}
>dim(8.2pt)dim

*\immediate\write16{>dim(\the\dp\ASYbox)dim}
>dim(0.0pt)dim

*\fontsize{12}{14.4}\selectfont%

*
(Please type a command or say `\end')
*\usefont{\ASYencoding}{\ASYfamily}{\ASYseries}{\ASYshape}%

*
(Please type a command or say `\end')
*\setbox\ASYbox=\hbox{$4$}

*
(Please type a command or say `\end')
*\immediate\write16{>dim(\the\wd\ASYbox)dim}
>dim(5.87494pt)dim

*\immediate\write16{>dim(\the\ht\ASYbox)dim}
>dim(7.73332pt)dim

*\immediate\write16{>dim(\the\dp\ASYbox)dim}
>dim(0.0pt)dim

*\fontsize{12}{14.4}\selectfont%

*
(Please type a command or say `\end')
*\usefont{\ASYencoding}{\ASYfamily}{\ASYseries}{\ASYshape}%

*
(Please type a command or say `\end')
*\setbox\ASYbox=\hbox{$2$}

*
(Please type a command or say `\end')
*\immediate\write16{>dim(\the\wd\ASYbox)dim}
>dim(5.87494pt)dim

*\immediate\write16{>dim(\the\ht\ASYbox)dim}
>dim(7.73332pt)dim

*\immediate\write16{>dim(\the\dp\ASYbox)dim}
>dim(0.0pt)dim

*\fontsize{12}{14.4}\selectfont%

*
(Please type a command or say `\end')
*\usefont{\ASYencoding}{\ASYfamily}{\ASYseries}{\ASYshape}%

*
(Please type a command or say `\end')
*\setbox\ASYbox=\hbox{$1$}

*
(Please type a command or say `\end')
*\immediate\write16{>dim(\the\wd\ASYbox)dim}
>dim(5.87494pt)dim

*\immediate\write16{>dim(\the\ht\ASYbox)dim}
>dim(7.73332pt)dim

*\immediate\write16{>dim(\the\dp\ASYbox)dim}
>dim(0.0pt)dim

*\fontsize{12}{14.4}\selectfont%

*
(Please type a command or say `\end')
*\usefont{\ASYencoding}{\ASYfamily}{\ASYseries}{\ASYshape}%

*
(Please type a command or say `\end')
*\setbox\ASYbox=\hbox{$3$}

*
(Please type a command or say `\end')
*\immediate\write16{>dim(\the\wd\ASYbox)dim}
>dim(5.87494pt)dim

*\immediate\write16{>dim(\the\ht\ASYbox)dim}
>dim(7.73332pt)dim

*\immediate\write16{>dim(\the\dp\ASYbox)dim}
>dim(0.0pt)dim

*\fontsize{12}{14.4}\selectfont%

*
(Please type a command or say `\end')
*\usefont{\ASYencoding}{\ASYfamily}{\ASYseries}{\ASYshape}%

*
(Please type a command or say `\end')
*\setbox\ASYbox=\hbox{$o_2, o_4$}

*
(Please type a command or say `\end')
*\immediate\write16{>dim(\the\wd\ASYbox)dim}
>dim(26.061pt)dim

*\immediate\write16{>dim(\the\ht\ASYbox)dim}
>dim(5.16667pt)dim

*\immediate\write16{>dim(\the\dp\ASYbox)dim}
>dim(2.33331pt)dim

*\fontsize{12}{14.4}\selectfont%

*
(Please type a command or say `\end')
*\usefont{\ASYencoding}{\ASYfamily}{\ASYseries}{\ASYshape}%

*
(Please type a command or say `\end')
*\setbox\ASYbox=\hbox{$\overset{\checkmark\checkmark}{A}^n_{A_2/O_2}$}

*
(Please type a command or say `\end')
*\immediate\write16{>dim(\the\wd\ASYbox)dim}
>dim(41.16946pt)dim

*\immediate\write16{>dim(\the\ht\ASYbox)dim}
>dim(17.58887pt)dim

*\immediate\write16{>dim(\the\dp\ASYbox)dim}
>dim(4.9666pt)dim

*\fontsize{12}{14.4}\selectfont%

*
(Please type a command or say `\end')
*\usefont{\ASYencoding}{\ASYfamily}{\ASYseries}{\ASYshape}%

*
(Please type a command or say `\end')
*\setbox\ASYbox=\hbox{$a^n_2$}

*
(Please type a command or say `\end')
*\immediate\write16{>dim(\the\wd\ASYbox)dim}
>dim(11.82545pt)dim

*\immediate\write16{>dim(\the\ht\ASYbox)dim}
>dim(7.79915pt)dim

*\immediate\write16{>dim(\the\dp\ASYbox)dim}
>dim(2.9666pt)dim

*\fontsize{12}{14.4}\selectfont%

*
(Please type a command or say `\end')
*\usefont{\ASYencoding}{\ASYfamily}{\ASYseries}{\ASYshape}%

*
(Please type a command or say `\end')
*\setbox\ASYbox=\hbox{$\overset{\checkmark\checkmark}{A}^n_{A_4/O_4}$}

*
(Please type a command or say `\end')
*\immediate\write16{>dim(\the\wd\ASYbox)dim}
>dim(41.16946pt)dim

*\immediate\write16{>dim(\the\ht\ASYbox)dim}
>dim(17.58887pt)dim

*\immediate\write16{>dim(\the\dp\ASYbox)dim}
>dim(4.9666pt)dim

*\fontsize{12}{14.4}\selectfont%

*
(Please type a command or say `\end')
*\usefont{\ASYencoding}{\ASYfamily}{\ASYseries}{\ASYshape}%

*
(Please type a command or say `\end')
*\setbox\ASYbox=\hbox{$a^n_4$}

*
(Please type a command or say `\end')
*\immediate\write16{>dim(\the\wd\ASYbox)dim}
>dim(11.82545pt)dim

*\immediate\write16{>dim(\the\ht\ASYbox)dim}
>dim(7.79915pt)dim

*\immediate\write16{>dim(\the\dp\ASYbox)dim}
>dim(2.9666pt)dim

*\fontsize{12}{14.4}\selectfont%

*
(Please type a command or say `\end')
*\usefont{\ASYencoding}{\ASYfamily}{\ASYseries}{\ASYshape}%

*
(Please type a command or say `\end')
*\setbox\ASYbox=\hbox{$\overset{\checkmark\checkmark}{A}^c_{A_2 A_4}$}

*
(Please type a command or say `\end')
*\immediate\write16{>dim(\the\wd\ASYbox)dim}
>dim(36.83664pt)dim

*\immediate\write16{>dim(\the\ht\ASYbox)dim}
>dim(17.58887pt)dim

*\immediate\write16{>dim(\the\dp\ASYbox)dim}
>dim(4.0777pt)dim

*\fontsize{12}{14.4}\selectfont%

*
(Please type a command or say `\end')
*\usefont{\ASYencoding}{\ASYfamily}{\ASYseries}{\ASYshape}%

*
(Please type a command or say `\end')
*\setbox\ASYbox=\hbox{$a^c_{43}$}

*
(Please type a command or say `\end')
*\immediate\write16{>dim(\the\wd\ASYbox)dim}
>dim(15.1681pt)dim

*\immediate\write16{>dim(\the\ht\ASYbox)dim}
>dim(7.79915pt)dim

*\immediate\write16{>dim(\the\dp\ASYbox)dim}
>dim(2.9666pt)dim

*\fontsize{12}{14.4}\selectfont%

*
(Please type a command or say `\end')
*\usefont{\ASYencoding}{\ASYfamily}{\ASYseries}{\ASYshape}%

*
(Please type a command or say `\end')
*\setbox\ASYbox=\hbox{$\overset{?\checkmark}{A}^t_{A_4/O_4}$}

*
(Please type a command or say `\end')
*\immediate\write16{>dim(\the\wd\ASYbox)dim}
>dim(37.54846pt)dim

*\immediate\write16{>dim(\the\ht\ASYbox)dim}
>dim(19.10951pt)dim

*\immediate\write16{>dim(\the\dp\ASYbox)dim}
>dim(4.9666pt)dim

*\fontsize{12}{14.4}\selectfont%

*
(Please type a command or say `\end')
*\usefont{\ASYencoding}{\ASYfamily}{\ASYseries}{\ASYshape}%

*
(Please type a command or say `\end')
*\setbox\ASYbox=\hbox{$\overset{?\checkmark}{A}^t_{A_2/A_4}$}

*
(Please type a command or say `\end')
*\immediate\write16{>dim(\the\wd\ASYbox)dim}
>dim(36.99347pt)dim

*\immediate\write16{>dim(\the\ht\ASYbox)dim}
>dim(19.10951pt)dim

*\immediate\write16{>dim(\the\dp\ASYbox)dim}
>dim(4.9666pt)dim

*\fontsize{12}{14.4}\selectfont%

*
(Please type a command or say `\end')
*\usefont{\ASYencoding}{\ASYfamily}{\ASYseries}{\ASYshape}%

*
(Please type a command or say `\end')
*\setbox\ASYbox=\hbox{$a_4, a_2$}

*
(Please type a command or say `\end')
*\immediate\write16{>dim(\the\wd\ASYbox)dim}
>dim(27.09991pt)dim

*\immediate\write16{>dim(\the\ht\ASYbox)dim}
>dim(5.16667pt)dim

*\immediate\write16{>dim(\the\dp\ASYbox)dim}
>dim(2.33331pt)dim

*\fontsize{12}{14.4}\selectfont%

*
(Please type a command or say `\end')
*\usefont{\ASYencoding}{\ASYfamily}{\ASYseries}{\ASYshape}%

*
(Please type a command or say `\end')
*\setbox\ASYbox=\hbox{$\overset{\checkmark\checkmark}{A}^t_{A_4/O_4}$}

*
(Please type a command or say `\end')
*\immediate\write16{>dim(\the\wd\ASYbox)dim}
>dim(41.16946pt)dim

*\immediate\write16{>dim(\the\ht\ASYbox)dim}
>dim(19.06506pt)dim

*\immediate\write16{>dim(\the\dp\ASYbox)dim}
>dim(4.9666pt)dim

*\fontsize{12}{14.4}\selectfont%

*
(Please type a command or say `\end')
*\usefont{\ASYencoding}{\ASYfamily}{\ASYseries}{\ASYshape}%

*
(Please type a command or say `\end')
*\setbox\ASYbox=\hbox{$\overset{\checkmark\checkmark}{A}^t_{A_2/A_4}$}

*
(Please type a command or say `\end')
*\immediate\write16{>dim(\the\wd\ASYbox)dim}
>dim(40.61447pt)dim

*\immediate\write16{>dim(\the\ht\ASYbox)dim}
>dim(19.06506pt)dim

*\immediate\write16{>dim(\the\dp\ASYbox)dim}
>dim(4.9666pt)dim

*\fontsize{12}{14.4}\selectfont%

*
(Please type a command or say `\end')
*\usefont{\ASYencoding}{\ASYfamily}{\ASYseries}{\ASYshape}%

*
(Please type a command or say `\end')
*\setbox\ASYbox=\hbox{$\overset{\checkmark\checkmark}{A}_{A_4/O_4}$}

*
(Please type a command or say `\end')
*\immediate\write16{>dim(\the\wd\ASYbox)dim}
>dim(41.16946pt)dim

*\immediate\write16{>dim(\the\ht\ASYbox)dim}
>dim(17.3111pt)dim

*\immediate\write16{>dim(\the\dp\ASYbox)dim}
>dim(3.86668pt)dim

*\fontsize{12}{14.4}\selectfont%

*
(Please type a command or say `\end')
*\usefont{\ASYencoding}{\ASYfamily}{\ASYseries}{\ASYshape}%

*
(Please type a command or say `\end')
*\setbox\ASYbox=\hbox{$\overset{\checkmark\checkmark}{a}^n_{B}$}

*
(Please type a command or say `\end')
*\immediate\write16{>dim(\the\wd\ASYbox)dim}
>dim(22.57553pt)dim

*\immediate\write16{>dim(\the\ht\ASYbox)dim}
>dim(14.55554pt)dim

*\immediate\write16{>dim(\the\dp\ASYbox)dim}
>dim(2.9666pt)dim

*\fontsize{12}{14.4}\selectfont%

*
(Please type a command or say `\end')
*\usefont{\ASYencoding}{\ASYfamily}{\ASYseries}{\ASYshape}%

*
(Please type a command or say `\end')
*\setbox\ASYbox=\hbox{$\overset{\checkmark\checkmark}{a}^t_{B}$}

*
(Please type a command or say `\end')
*\immediate\write16{>dim(\the\wd\ASYbox)dim}
>dim(22.57553pt)dim

*\immediate\write16{>dim(\the\ht\ASYbox)dim}
>dim(16.03174pt)dim

*\immediate\write16{>dim(\the\dp\ASYbox)dim}
>dim(2.9666pt)dim

*\fontsize{12}{14.4}\selectfont%

*
(Please type a command or say `\end')
*\usefont{\ASYencoding}{\ASYfamily}{\ASYseries}{\ASYshape}%

*
(Please type a command or say `\end')
*\setbox\ASYbox=\hbox{$\overset{\checkmark\checkmark}{a}_{B}$}

*
(Please type a command or say `\end')
*\immediate\write16{>dim(\the\wd\ASYbox)dim}
>dim(22.57553pt)dim

*\immediate\write16{>dim(\the\ht\ASYbox)dim}
>dim(14.27777pt)dim

*\immediate\write16{>dim(\the\dp\ASYbox)dim}
>dim(1.79999pt)dim

*\fontsize{12}{14.4}\selectfont%

*
(Please type a command or say `\end')
*\usefont{\ASYencoding}{\ASYfamily}{\ASYseries}{\ASYshape}%

*
(Please type a command or say `\end')
*\setbox\ASYbox=\hbox{$B$}

*
(Please type a command or say `\end')
*\immediate\write16{>dim(\the\wd\ASYbox)dim}
>dim(9.53186pt)dim

*\immediate\write16{>dim(\the\ht\ASYbox)dim}
>dim(8.2pt)dim

*\immediate\write16{>dim(\the\dp\ASYbox)dim}
>dim(0.0pt)dim

*\fontsize{12}{14.4}\selectfont%

*
(Please type a command or say `\end')
*\usefont{\ASYencoding}{\ASYfamily}{\ASYseries}{\ASYshape}%

*
(Please type a command or say `\end')
*\setbox\ASYbox=\hbox{$O_2$}

*
(Please type a command or say `\end')
*\immediate\write16{>dim(\the\wd\ASYbox)dim}
>dim(13.72969pt)dim

*\immediate\write16{>dim(\the\ht\ASYbox)dim}
>dim(8.2pt)dim

*\immediate\write16{>dim(\the\dp\ASYbox)dim}
>dim(1.79999pt)dim

*\setbox\ASYbox=\hbox{$O_4$}

*
(Please type a command or say `\end')
*\immediate\write16{>dim(\the\wd\ASYbox)dim}
>dim(13.72969pt)dim

*\immediate\write16{>dim(\the\ht\ASYbox)dim}
>dim(8.2pt)dim

*\immediate\write16{>dim(\the\dp\ASYbox)dim}
>dim(1.79999pt)dim

*\setbox\ASYbox=\hbox{$A$}

*
(Please type a command or say `\end')
*\immediate\write16{>dim(\the\wd\ASYbox)dim}
>dim(8.80824pt)dim

*\immediate\write16{>dim(\the\ht\ASYbox)dim}
>dim(8.2pt)dim

*\immediate\write16{>dim(\the\dp\ASYbox)dim}
>dim(0.0pt)dim

*\setbox\ASYbox=\hbox{$B$}

*
(Please type a command or say `\end')
*\immediate\write16{>dim(\the\wd\ASYbox)dim}
>dim(9.53186pt)dim

*\immediate\write16{>dim(\the\ht\ASYbox)dim}
>dim(8.2pt)dim

*\immediate\write16{>dim(\the\dp\ASYbox)dim}
>dim(0.0pt)dim

*\setbox\ASYbox=\hbox{$4$}

*
(Please type a command or say `\end')
*\immediate\write16{>dim(\the\wd\ASYbox)dim}
>dim(5.87494pt)dim

*\immediate\write16{>dim(\the\ht\ASYbox)dim}
>dim(7.73332pt)dim

*\immediate\write16{>dim(\the\dp\ASYbox)dim}
>dim(0.0pt)dim

*\setbox\ASYbox=\hbox{$2$}

*
(Please type a command or say `\end')
*\immediate\write16{>dim(\the\wd\ASYbox)dim}
>dim(5.87494pt)dim

*\immediate\write16{>dim(\the\ht\ASYbox)dim}
>dim(7.73332pt)dim

*\immediate\write16{>dim(\the\dp\ASYbox)dim}
>dim(0.0pt)dim

*\setbox\ASYbox=\hbox{$1$}

*
(Please type a command or say `\end')
*\immediate\write16{>dim(\the\wd\ASYbox)dim}
>dim(5.87494pt)dim

*\immediate\write16{>dim(\the\ht\ASYbox)dim}
>dim(7.73332pt)dim

*\immediate\write16{>dim(\the\dp\ASYbox)dim}
>dim(0.0pt)dim

*\setbox\ASYbox=\hbox{$3$}

*
(Please type a command or say `\end')
*\immediate\write16{>dim(\the\wd\ASYbox)dim}
>dim(5.87494pt)dim

*\immediate\write16{>dim(\the\ht\ASYbox)dim}
>dim(7.73332pt)dim

*\immediate\write16{>dim(\the\dp\ASYbox)dim}
>dim(0.0pt)dim

*\setbox\ASYbox=\hbox{$o_2, o_4$}

*
(Please type a command or say `\end')
*\immediate\write16{>dim(\the\wd\ASYbox)dim}
>dim(26.061pt)dim

*\immediate\write16{>dim(\the\ht\ASYbox)dim}
>dim(5.16667pt)dim

*\immediate\write16{>dim(\the\dp\ASYbox)dim}
>dim(2.33331pt)dim

*\setbox\ASYbox=\hbox{$\overset{\checkmark\checkmark}{A}^n_{A_2/O_2}$}

*
(Please type a command or say `\end')
*\immediate\write16{>dim(\the\wd\ASYbox)dim}
>dim(41.16946pt)dim

*\immediate\write16{>dim(\the\ht\ASYbox)dim}
>dim(17.58887pt)dim

*\immediate\write16{>dim(\the\dp\ASYbox)dim}
>dim(4.9666pt)dim

*\setbox\ASYbox=\hbox{$a^n_2$}

*
(Please type a command or say `\end')
*\immediate\write16{>dim(\the\wd\ASYbox)dim}
>dim(11.82545pt)dim

*\immediate\write16{>dim(\the\ht\ASYbox)dim}
>dim(7.79915pt)dim

*\immediate\write16{>dim(\the\dp\ASYbox)dim}
>dim(2.9666pt)dim

*\setbox\ASYbox=\hbox{$\overset{\checkmark\checkmark}{A}^n_{A_4/O_4}$}

*
(Please type a command or say `\end')
*\immediate\write16{>dim(\the\wd\ASYbox)dim}
>dim(41.16946pt)dim

*\immediate\write16{>dim(\the\ht\ASYbox)dim}
>dim(17.58887pt)dim

*\immediate\write16{>dim(\the\dp\ASYbox)dim}
>dim(4.9666pt)dim

*\setbox\ASYbox=\hbox{$a^n_4$}

*
(Please type a command or say `\end')
*\immediate\write16{>dim(\the\wd\ASYbox)dim}
>dim(11.82545pt)dim

*\immediate\write16{>dim(\the\ht\ASYbox)dim}
>dim(7.79915pt)dim

*\immediate\write16{>dim(\the\dp\ASYbox)dim}
>dim(2.9666pt)dim

*\setbox\ASYbox=\hbox{$\overset{\checkmark\checkmark}{A}^c_{A_2 A_4}$}

*
(Please type a command or say `\end')
*\immediate\write16{>dim(\the\wd\ASYbox)dim}
>dim(36.83664pt)dim

*\immediate\write16{>dim(\the\ht\ASYbox)dim}
>dim(17.58887pt)dim

*\immediate\write16{>dim(\the\dp\ASYbox)dim}
>dim(4.0777pt)dim

*\setbox\ASYbox=\hbox{$a^c_{43}$}

*
(Please type a command or say `\end')
*\immediate\write16{>dim(\the\wd\ASYbox)dim}
>dim(15.1681pt)dim

*\immediate\write16{>dim(\the\ht\ASYbox)dim}
>dim(7.79915pt)dim

*\immediate\write16{>dim(\the\dp\ASYbox)dim}
>dim(2.9666pt)dim

*\setbox\ASYbox=\hbox{$\overset{?\checkmark}{A}^t_{A_4/O_4}$}

*
(Please type a command or say `\end')
*\immediate\write16{>dim(\the\wd\ASYbox)dim}
>dim(37.54846pt)dim

*\immediate\write16{>dim(\the\ht\ASYbox)dim}
>dim(19.10951pt)dim

*\immediate\write16{>dim(\the\dp\ASYbox)dim}
>dim(4.9666pt)dim

*\setbox\ASYbox=\hbox{$\overset{?\checkmark}{A}^t_{A_2/A_4}$}

*
(Please type a command or say `\end')
*\immediate\write16{>dim(\the\wd\ASYbox)dim}
>dim(36.99347pt)dim

*\immediate\write16{>dim(\the\ht\ASYbox)dim}
>dim(19.10951pt)dim

*\immediate\write16{>dim(\the\dp\ASYbox)dim}
>dim(4.9666pt)dim

*\setbox\ASYbox=\hbox{$a_4, a_2$}

*
(Please type a command or say `\end')
*\immediate\write16{>dim(\the\wd\ASYbox)dim}
>dim(27.09991pt)dim

*\immediate\write16{>dim(\the\ht\ASYbox)dim}
>dim(5.16667pt)dim

*\immediate\write16{>dim(\the\dp\ASYbox)dim}
>dim(2.33331pt)dim

*\setbox\ASYbox=\hbox{$\overset{\checkmark\checkmark}{A}^t_{A_4/O_4}$}

*
(Please type a command or say `\end')
*\immediate\write16{>dim(\the\wd\ASYbox)dim}
>dim(41.16946pt)dim

*\immediate\write16{>dim(\the\ht\ASYbox)dim}
>dim(19.06506pt)dim

*\immediate\write16{>dim(\the\dp\ASYbox)dim}
>dim(4.9666pt)dim

*\setbox\ASYbox=\hbox{$\overset{\checkmark\checkmark}{A}^t_{A_2/A_4}$}

*
(Please type a command or say `\end')
*\immedi