This is pdfTeX, Version 3.141592653-2.6-1.40.27 (MiKTeX 25.4) (preloaded format=latex 2026.2.9)  2 MAR 2026 22:56
entering extended mode
 restricted \write18 enabled.
 %&-line parsing enabled.
**\scrollmode

*
(Please type a command or say `\end')
*\documentclass[12pt]{article}

*\let\paperwidthsave\paperwidth\let\paperwidth\undefined
(C:\Users\sewak\AppData\Local\Programs\MiKTeX\tex/latex/base\article.cls
Document Class: article 2025/01/22 v1.4n Standard LaTeX document class
(C:\Users\sewak\AppData\Local\Programs\MiKTeX\tex/latex/base\size12.clo
File: size12.clo 2025/01/22 v1.4n Standard LaTeX file (size option)
)
\c@part=\count275
\c@section=\count276
\c@subsection=\count277
\c@subsubsection=\count278
\c@paragraph=\count279
\c@subparagraph=\count280
\c@figure=\count281
\c@table=\count282
\abovecaptionskip=\skip49
\belowcaptionskip=\skip50
\bibindent=\dimen148
)
*\usepackage{graphicx}

*\let\paperwidth\paperwidthsave
(C:\Users\sewak\AppData\Local\Programs\MiKTeX\tex/latex/graphics\graphicx.sty
Package: graphicx 2024/12/31 v1.2e Enhanced LaTeX Graphics (DPC,SPQR)

(C:\Users\sewak\AppData\Local\Programs\MiKTeX\tex/latex/graphics\keyval.sty
Package: keyval 2022/05/29 v1.15 key=value parser (DPC)
\KV@toks@=\toks17
)
(C:\Users\sewak\AppData\Local\Programs\MiKTeX\tex/latex/graphics\graphics.sty
Package: graphics 2024/08/06 v1.4g Standard LaTeX Graphics (DPC,SPQR)

(C:\Users\sewak\AppData\Local\Programs\MiKTeX\tex/latex/graphics\trig.sty
Package: trig 2023/12/02 v1.11 sin cos tan (DPC)
)
(C:\Users\sewak\AppData\Local\Programs\MiKTeX\tex/latex/graphics-cfg\graphics.c
fg
File: graphics.cfg 2016/06/04 v1.11 sample graphics configuration
)
Package graphics Info: Driver file: dvips.def on input line 106.

(C:\Users\sewak\AppData\Local\Programs\MiKTeX\tex/latex/graphics-def\dvips.def
File: dvips.def 2022/09/22 v3.1e Graphics/color driver for dvips
))
\Gin@req@height=\dimen149
\Gin@req@width=\dimen150
)
*\newbox\ASYbox
\ASYbox=\box53

*\newdimen\ASYdimen
\ASYdimen=\dimen151

*\def\ASYprefix{}

*\long\def\ASYbase#1#2{\leavevmode\setbox\ASYbox=\hbox{#1}%\ASYdimen=\ht\ASYbox
%

*\setbox\ASYbox=\hbox{#2}\lower\ASYdimen\box\ASYbox}

*\makeatletter

*\def\Ginclude@eps#1{%

* \message{<#1>}%

*  \bgroup

*  \def\@tempa{!}%

*  \dimen@\Gin@req@width

*  \dimen@ii.1bp%

*  \divide\dimen@\dimen@ii

*  \@tempdima\Gin@req@height

*  \divide\@tempdima\dimen@ii

*    \special{PSfile=#1\space

*      llx=\Gin@llx\space

*      lly=\Gin@lly\space

*      urx=\Gin@urx\space

*      ury=\Gin@ury\space

*      \ifx\Gin@scalex\@tempa\else rwi=\number\dimen@\space\fi

*      \ifx\Gin@scaley\@tempa\else rhi=\number\@tempdima\space\fi

*      \ifGin@clip clip\fi}%

*  \egroup}

*\makeatother

*\begin{document}

(C:\Users\sewak\AppData\Local\Programs\MiKTeX\tex/latex/l3backend\l3backend-dvi
ps.def
File: l3backend-dvips.def 2025-06-09 L3 backend support: dvips
\l__pdfannot_backend_content_box=\box54
\l__pdfannot_backend_model_box=\box55
\g__pdfannot_backend_int=\count283
\g__pdfannot_backend_link_int=\count284
\g__pdfannot_backend_link_sf_int=\count285
) (texput.aux)
\openout1 = `texput.aux'.

LaTeX Font Info:    Checking defaults for OML/cmm/m/it on input line 0.
LaTeX Font Info:    ... okay on input line 0.
LaTeX Font Info:    Checking defaults for OMS/cmsy/m/n on input line 0.
LaTeX Font Info:    ... okay on input line 0.
LaTeX Font Info:    Checking defaults for OT1/cmr/m/n on input line 0.
LaTeX Font Info:    ... okay on input line 0.
LaTeX Font Info:    Checking defaults for T1/cmr/m/n on input line 0.
LaTeX Font Info:    ... okay on input line 0.
LaTeX Font Info:    Checking defaults for TS1/cmr/m/n on input line 0.
LaTeX Font Info:    ... okay on input line 0.
LaTeX Font Info:    Checking defaults for OMX/cmex/m/n on input line 0.
LaTeX Font Info:    ... okay on input line 0.
LaTeX Font Info:    Checking defaults for U/cmr/m/n on input line 0.
LaTeX Font Info:    ... okay on input line 0.

*\makeatletter%

*\let\ASYencoding\f@encoding%

*\let\ASYfamily\f@family%

*\let\ASYseries\f@series%

*\let\ASYshape\f@shape%

*\makeatother%

*\fontsize{9}{10.8}\selectfont%

*
(Please type a command or say `\end')
*\usefont{\ASYencoding}{\ASYfamily}{\ASYseries}{\ASYshape}%

*
(Please type a command or say `\end')
*\setbox\ASYbox=\hbox{O}

*
(Please type a command or say `\end')
*\immediate\write16{>dim(\the\wd\ASYbox)dim}
>dim(7.1944pt)dim

*\immediate\write16{>dim(\the\ht\ASYbox)dim}
>dim(6.14998pt)dim

*\immediate\write16{>dim(\the\dp\ASYbox)dim}
>dim(0.0pt)dim

*\fontsize{10}{12}\selectfont%

*
(Please type a command or say `\end')
*\usefont{\ASYencoding}{\ASYfamily}{\ASYseries}{\ASYshape}%

*
(Please type a command or say `\end')
*\setbox\ASYbox=\hbox{$v_{B/O_1}$}
LaTeX Font Info:    External font `cmex10' loaded for size
(Font)              <7> on input line 0.
LaTeX Font Info:    External font `cmex10' loaded for size
(Font)              <5> on input line 0.

*
(Please type a command or say `\end')
*\immediate\write16{>dim(\the\wd\ASYbox)dim}
>dim(25.81277pt)dim

*\immediate\write16{>dim(\the\ht\ASYbox)dim}
>dim(4.30554pt)dim

*\immediate\write16{>dim(\the\dp\ASYbox)dim}
>dim(3.55557pt)dim

*\fontsize{10}{12}\selectfont%

*
(Please type a command or say `\end')
*\usefont{\ASYencoding}{\ASYfamily}{\ASYseries}{\ASYshape}%

*
(Please type a command or say `\end')
*\setbox\ASYbox=\hbox{$v_{C/O_2}$}

*
(Please type a command or say `\end')
*\immediate\write16{>dim(\the\wd\ASYbox)dim}
>dim(25.44048pt)dim

*\immediate\write16{>dim(\the\ht\ASYbox)dim}
>dim(4.30554pt)dim

*\immediate\write16{>dim(\the\dp\ASYbox)dim}
>dim(3.55557pt)dim

*\fontsize{10}{12}\selectfont%

*
(Please type a command or say `\end')
*\usefont{\ASYencoding}{\ASYfamily}{\ASYseries}{\ASYshape}%

*
(Please type a command or say `\end')
*\setbox\ASYbox=\hbox{$v_{slip}$}

*
(Please type a command or say `\end')
*\immediate\write16{>dim(\the\wd\ASYbox)dim}
>dim(18.64264pt)dim

*\immediate\write16{>dim(\the\ht\ASYbox)dim}
>dim(4.30554pt)dim

*\immediate\write16{>dim(\the\dp\ASYbox)dim}
>dim(2.86108pt)dim

*\fontsize{10}{12}\selectfont%

*
(Please type a command or say `\end')
*\usefont{\ASYencoding}{\ASYfamily}{\ASYseries}{\ASYshape}%

*
(Please type a command or say `\end')
*\setbox\ASYbox=\hbox{$v_D$}

*
(Please type a command or say `\end')
*\immediate\write16{>dim(\the\wd\ASYbox)dim}
>dim(12.101pt)dim

*\immediate\write16{>dim(\the\ht\ASYbox)dim}
>dim(4.30554pt)dim

*\immediate\write16{>dim(\the\dp\ASYbox)dim}
>dim(1.49998pt)dim

*\fontsize{8}{9.6}\selectfont%

*
(Please type a command or say `\end')
*\usefont{\ASYencoding}{\ASYfamily}{\ASYseries}{\ASYshape}%

*
(Please type a command or say `\end')
*\setbox\ASYbox=\hbox{closure}

*
(Please type a command or say `\end')
*\immediate\write16{>dim(\the\wd\ASYbox)dim}
>dim(25.55453pt)dim

*\immediate\write16{>dim(\the\ht\ASYbox)dim}
>dim(5.55556pt)dim

*\immediate\write16{>dim(\the\dp\ASYbox)dim}
>dim(0.0pt)dim

*\fontsize{11}{13.2}\selectfont%

*
(Please type a command or say `\end')
*\usefont{\ASYencoding}{\ASYfamily}{\ASYseries}{\ASYshape}%

*
(Please type a command or say `\end')
*\setbox\ASYbox=\hbox{VELOCITY POLYGON}

*
(Please type a command or say `\end')
*\immediate\write16{>dim(\the\wd\ASYbox)dim}
>dim(118.09286pt)dim

*\immediate\write16{>dim(\the\ht\ASYbox)dim}
>dim(7.48248pt)dim

*\immediate\write16{>dim(\the\dp\ASYbox)dim}
>dim(0.0pt)dim

*\fontsize{11}{13.2}\selectfont%

*
(Please type a command or say `\end')
*\usefont{\ASYencoding}{\ASYfamily}{\ASYseries}{\ASYshape}%

*
(Please type a command or say `\end')
*\setbox\ASYbox=\hbox{CONSTRAINT EQUATIONS}

*
(Please type a command or say `\end')
*\immediate\write16{>dim(\the\wd\ASYbox)dim}
>dim(144.7835pt)dim

*\immediate\write16{>dim(\the\ht\ASYbox)dim}
>dim(7.48248pt)dim

*\immediate\write16{>dim(\the\dp\ASYbox)dim}
>dim(2.12917pt)dim

*\fontsize{9}{10.8}\selectfont%

*
(Please type a command or say `\end')
*\usefont{\ASYencoding}{\ASYfamily}{\ASYseries}{\ASYshape}%

*
(Please type a command or say `\end')
*\setbox\ASYbox=\hbox{At joint B:}

*
(Please type a command or say `\end')
*\immediate\write16{>dim(\the\wd\ASYbox)dim}
>dim(44.06357pt)dim

*\immediate\write16{>dim(\the\ht\ASYbox)dim}
>dim(6.14998pt)dim

*\immediate\write16{>dim(\the\dp\ASYbox)dim}
>dim(1.75pt)dim

*\fontsize{9}{10.8}\selectfont%

*
(Please type a command or say `\end')
*\usefont{\ASYencoding}{\ASYfamily}{\ASYseries}{\ASYshape}%

*
(Please type a command or say `\end')
*\setbox\ASYbox=\hbox{$\vec{v}_B^{abs} = \vec{v}_{B/O_1}$}
LaTeX Font Info:    External font `cmex10' loaded for size
(Font)              <9> on input line 0.
LaTeX Font Info:    External font `cmex10' loaded for size
(Font)              <6> on input line 0.

*
(Please type a command or say `\end')
*\immediate\write16{>dim(\the\wd\ASYbox)dim}
>dim(52.6716pt)dim

*\immediate\write16{>dim(\the\ht\ASYbox)dim}
>dim(7.98996pt)dim

*\immediate\write16{>dim(\the\dp\ASYbox)dim}
>dim(2.90002pt)dim

*\fontsize{8}{9.6}\selectfont%

*
(Please type a command or say `\end')
*\usefont{\ASYencoding}{\ASYfamily}{\ASYseries}{\ASYshape}%

*
(Please type a command or say `\end')
*\setbox\ASYbox=\hbox{velocity of crank point}

*
(Please type a command or say `\end')
*\immediate\write16{>dim(\the\wd\ASYbox)dim}
>dim(83.82759pt)dim

*\immediate\write16{>dim(\the\ht\ASYbox)dim}
>dim(5.55556pt)dim

*\immediate\write16{>dim(\the\dp\ASYbox)dim}
>dim(1.55556pt)dim

*\fontsize{9}{10.8}\selectfont%

*
(Please type a command or say `\end')
*\usefont{\ASYencoding}{\ASYfamily}{\ASYseries}{\ASYshape}%

*
(Please type a command or say `\end')
*\setbox\ASYbox=\hbox{$\vec{v}_B = \vec{v}_{C/O_2} + \vec{v}_{slip}$}

*
(Please type a command or say `\end')
*\immediate\write16{>dim(\the\wd\ASYbox)dim}
>dim(75.773pt)dim

*\immediate\write16{>dim(\the\ht\ASYbox)dim}
>dim(6.44pt)dim

*\immediate\write16{>dim(\the\dp\ASYbox)dim}
>dim(2.90002pt)dim

*\fontsize{8}{9.6}\selectfont%

*
(Please type a command or say `\end')
*\usefont{\ASYencoding}{\ASYfamily}{\ASYseries}{\ASYshape}%

*
(Please type a command or say `\end')
*\setbox\ASYbox=\hbox{B on link O$_2$D (slotted)}
LaTeX Font Info:    External font `cmex10' loaded for size
(Font)              <8> on input line 0.

*
(Please type a command or say `\end')
*\immediate\write16{>dim(\the\wd\ASYbox)dim}
>dim(89.20673pt)dim

*\immediate\write16{>dim(\the\ht\ASYbox)dim}
>dim(6.0pt)dim

*\immediate\write16{>dim(\the\dp\ASYbox)dim}
>dim(2.0pt)dim

*\fontsize{9}{10.8}\selectfont%

*
(Please type a command or say `\end')
*\usefont{\ASYencoding}{\ASYfamily}{\ASYseries}{\ASYshape}%

*
(Please type a command or say `\end')
*\setbox\ASYbox=\hbox{At block D:}

*
(Please type a command or say `\end')
*\immediate\write16{>dim(\the\wd\ASYbox)dim}
>dim(47.40382pt)dim

*\immediate\write16{>dim(\the\ht\ASYbox)dim}
>dim(6.25pt)dim

*\immediate\write16{>dim(\the\dp\ASYbox)dim}
>dim(0.0pt)dim

*\fontsize{9}{10.8}\selectfont%

*
(Please type a command or say `\end')
*\usefont{\ASYencoding}{\ASYfamily}{\ASYseries}{\ASYshape}%

*
(Please type a command or say `\end')
*\setbox\ASYbox=\hbox{$\vec{v}_D = v_D \hat{\mathbf{i}}$}

*
(Please type a command or say `\end')
*\immediate\write16{>dim(\the\wd\ASYbox)dim}
>dim(37.6458pt)dim

*\immediate\write16{>dim(\the\ht\ASYbox)dim}
>dim(8.62502pt)dim

*\immediate\write16{>dim(\the\dp\ASYbox)dim}
>dim(1.00003pt)dim

*\fontsize{8}{9.6}\selectfont%

*
(Please type a command or say `\end')
*\usefont{\ASYencoding}{\ASYfamily}{\ASYseries}{\ASYshape}%

*
(Please type a command or say `\end')
*\setbox\ASYbox=\hbox{D slides horizontally}

*
(Please type a command or say `\end')
*\immediate\write16{>dim(\the\wd\ASYbox)dim}
>dim(76.00804pt)dim

*\immediate\write16{>dim(\the\ht\ASYbox)dim}
>dim(5.55556pt)dim

*\immediate\write16{>dim(\the\dp\ASYbox)dim}
>dim(1.55556pt)dim

*\fontsize{10}{12}\selectfont%

*
(Please type a command or say `\end')
*\usefont{\ASYencoding}{\ASYfamily}{\ASYseries}{\ASYshape}%

*
(Please type a command or say `\end')
*\setbox\ASYbox=\hbox{CLOSURE CONDITION:}

*
(Please type a command or say `\end')
*\immediate\write16{>dim(\the\wd\ASYbox)dim}
>dim(114.44466pt)dim

*\immediate\write16{>dim(\the\ht\ASYbox)dim}
>dim(6.83331pt)dim

*\immediate\write16{>dim(\the\dp\ASYbox)dim}
>dim(0.0pt)dim

*\fontsize{9}{10.8}\selectfont%

*
(Please type a command or say `\end')
*\usefont{\ASYencoding}{\ASYfamily}{\ASYseries}{\ASYshape}%

*
(Please type a command or say `\end')
*\setbox\ASYbox=\hbox{$\vec{v}_{B/O_1} + \vec{v}_{C/O_2} + \vec{v}_{slip} + \ve
c{v}_D = \vec{0}$}

*
(Please type a command or say `\end')
*\immediate\write16{>dim(\the\wd\ASYbox)dim}
>dim(127.5266pt)dim

*\immediate\write16{>dim(\the\ht\ASYbox)dim}
>dim(8.365pt)dim

*\immediate\write16{>dim(\the\dp\ASYbox)dim}
>dim(2.90002pt)dim

*\fontsize{11}{13.2}\selectfont%

*
(Please type a command or say `\end')
*\usefont{\ASYencoding}{\ASYfamily}{\ASYseries}{\ASYshape}%

*
(Please type a command or say `\end')
*\setbox\ASYbox=\hbox{VECTOR COMPONENTS}

*
(Please type a command or say `\end')
*\immediate\write16{>dim(\the\wd\ASYbox)dim}
>dim(132.00851pt)dim

*\immediate\write16{>dim(\the\ht\ASYbox)dim}
>dim(7.48248pt)dim

*\immediate\write16{>dim(\the\dp\ASYbox)dim}
>dim(0.0pt)dim

*\fontsize{8}{9.6}\selectfont%

*
(Please type a command or say `\end')
*\usefont{\ASYencoding}{\ASYfamily}{\ASYseries}{\ASYshape}%

*
(Please type a command or say `\end')
*\setbox\ASYbox=\hbox{$v_{B/O_1}$ direction:}

*
(Please type a command or say `\end')
*\immediate\write16{>dim(\the\wd\ASYbox)dim}
>dim(61.61124pt)dim

*\immediate\write16{>dim(\the\ht\ASYbox)dim}
>dim(5.55556pt)dim

*\immediate\write16{>dim(\the\dp\ASYbox)dim}
>dim(3.24445pt)dim

*\fontsize{7}{8.4}\selectfont%

*
(Please type a command or say `\end')
*\usefont{\ASYencoding}{\ASYfamily}{\ASYseries}{\ASYshape}%

*
(Please type a command or say `\end')
*\setbox\ASYbox=\hbox{perpendicular to crank O$_1$B}

*
(Please type a command or say `\end')
*\immediate\write16{>dim(\the\wd\ASYbox)dim}
>dim(98.05605pt)dim

*\immediate\write16{>dim(\the\ht\ASYbox)dim}
>dim(4.8611pt)dim

*\immediate\write16{>dim(\the\dp\ASYbox)dim}
>dim(1.3611pt)dim

*\fontsize{8}{9.6}\selectfont%

*
(Please type a command or say `\end')
*\usefont{\ASYencoding}{\ASYfamily}{\ASYseries}{\ASYshape}%

*
(Please type a command or say `\end')
*\setbox\ASYbox=\hbox{$v_{C/O_2}$ direction:}

*
(Please type a command or say `\end')
*\immediate\write16{>dim(\the\wd\ASYbox)dim}
>dim(61.28778pt)dim

*\immediate\write16{>dim(\the\ht\ASYbox)dim}
>dim(5.55556pt)dim

*\immediate\write16{>dim(\the\dp\ASYbox)dim}
>dim(3.24445pt)dim

*\fontsize{7}{8.4}\selectfont%

*
(Please type a command or say `\end')
*\usefont{\ASYencoding}{\ASYfamily}{\ASYseries}{\ASYshape}%

*
(Please type a command or say `\end')
*\setbox\ASYbox=\hbox{perpendicular to link O$_2$D}

*
(Please type a command or say `\end')
*\immediate\write16{>dim(\the\wd\ASYbox)dim}
>dim(92.34769pt)dim

*\immediate\write16{>dim(\the\ht\ASYbox)dim}
>dim(4.8611pt)dim

*\immediate\write16{>dim(\the\dp\ASYbox)dim}
>dim(1.3611pt)dim

*\fontsize{8}{9.6}\selectfont%

*
(Please type a command or say `\end')
*\usefont{\ASYencoding}{\ASYfamily}{\ASYseries}{\ASYshape}%

*
(Please type a command or say `\end')
*\setbox\ASYbox=\hbox{$v_{slip}$ direction:}

*
(Please type a command or say `\end')
*\immediate\write16{>dim(\the\wd\ASYbox)dim}
>dim(54.86934pt)dim

*\immediate\write16{>dim(\the\ht\ASYbox)dim}
>dim(5.55556pt)dim

*\immediate\write16{>dim(\the\dp\ASYbox)dim}
>dim(2.57779pt)dim

*\fontsize{7}{8.4}\selectfont%

*
(Please type a command or say `\end')
*\usefont{\ASYencoding}{\ASYfamily}{\ASYseries}{\ASYshape}%

*
(Please type a command or say `\end')
*\setbox\ASYbox=\hbox{along slot direction (O$_2$D)}

*
(Please type a command or say `\end')
*\immediate\write16{>dim(\the\wd\ASYbox)dim}
>dim(92.28659pt)dim

*\immediate\write16{>dim(\the\ht\ASYbox)dim}
>dim(5.25pt)dim

*\immediate\write16{>dim(\the\dp\ASYbox)dim}
>dim(1.75pt)dim

*\fontsize{8}{9.6}\selectfont%

*
(Please type a command or say `\end')
*\usefont{\ASYencoding}{\ASYfamily}{\ASYseries}{\ASYshape}%

*
(Please type a command or say `\end')
*\setbox\ASYbox=\hbox{$v_D$ direction:}

*
(Please type a command or say `\end')
*\immediate\write16{>dim(\the\wd\ASYbox)dim}
>dim(48.6083pt)dim

*\immediate\write16{>dim(\the\ht\ASYbox)dim}
>dim(5.55556pt)dim

*\immediate\write16{>dim(\the\dp\ASYbox)dim}
>dim(1.34445pt)dim

*\fontsize{7}{8.4}\selectfont%

*
(Please type a command or say `\end')
*\usefont{\ASYencoding}{\ASYfamily}{\ASYseries}{\ASYshape}%

*
(Please type a command or say `\end')
*\setbox\ASYbox=\hbox{horizontal (sliding constraint)}

*
(Please type a command or say `\end')
*\immediate\write16{>dim(\the\wd\ASYbox)dim}
>dim(104.28105pt)dim

*\immediate\write16{>dim(\the\ht\ASYbox)dim}
>dim(5.25pt)dim

*\immediate\write16{>dim(\the\dp\ASYbox)dim}
>dim(1.75pt)dim

*\fontsize{11}{13.2}\selectfont%

*
(Please type a command or say `\end')
*\usefont{\ASYencoding}{\ASYfamily}{\ASYseries}{\ASYshape}%

*
(Please type a command or say `\end')
*\setbox\ASYbox=\hbox{LEGEND}

*
(Please type a command or say `\end')
*\immediate\write16{>dim(\the\wd\ASYbox)dim}
>dim(46.91777pt)dim

*\immediate\write16{>dim(\the\ht\ASYbox)dim}
>dim(7.48248pt)dim

*\immediate\write16{>dim(\the\dp\ASYbox)dim}
>dim(0.0pt)dim

*\fontsize{8}{9.6}\selectfont%

*
(Please type a command or say `\end')
*\usefont{\ASYencoding}{\ASYfamily}{\ASYseries}{\ASYshape}%

*
(Please type a command or say `\end')
*\setbox\ASYbox=\hbox{relative to O$_1$}

*
(Please type a command or say `\end')
*\immediate\write16{>dim(\the\wd\ASYbox)dim}
>dim(51.39645pt)dim

*\immediate\write16{>dim(\the\ht\ASYbox)dim}
>dim(5.55556pt)dim

*\immediate\write16{>dim(\the\dp\ASYbox)dim}
>dim(1.1111pt)dim

*\fontsize{8}{9.6}\selectfont%

*
(Please type a command or say `\end')
*\usefont{\ASYencoding}{\ASYfamily}{\ASYseries}{\ASYshape}%

*
(Please type a command or say `\end')
*\setbox\ASYbox=\hbox{relative to O$_2$}

*
(Please type a command or say `\end')
*\immediate\write16{>dim(\the\wd\ASYbox)dim}
>dim(51.39645pt)dim

*\immediate\write16{>dim(\the\ht\ASYbox)dim}
>dim(5.55556pt)dim

*\immediate\write16{>dim(\the\dp\ASYbox)dim}
>dim(1.1111pt)dim

*\fontsize{8}{9.6}\selectfont%

*
(Please type a command or say `\end')
*\usefont{\ASYencoding}{\ASYfamily}{\ASYseries}{\ASYshape}%

*
(Please type a command or say `\end')
*\setbox\ASYbox=\hbox{sliding velocity}

*
(Please type a command or say `\end')
*\immediate\write16{>dim(\the\wd\ASYbox)dim}
>dim(55.53413pt)dim

*\immediate\write16{>dim(\the\ht\ASYbox)dim}
>dim(5.55556pt)dim

*\immediate\write16{>dim(\the\dp\ASYbox)dim}
>dim(1.55556pt)dim

*\fontsize{8}{9.6}\selectfont%

*
(Please type a command or say `\end')
*\usefont{\ASYencoding}{\ASYfamily}{\ASYseries}{\ASYshape}%

*
(Please type a command or say `\end')
*\setbox\ASYbox=\hbox{absolute velocity}

*
(Please type a command or say `\end')
*\immediate\write16{>dim(\the\wd\ASYbox)dim}
>dim(62.14534pt)dim

*\immediate\write16{>dim(\the\ht\ASYbox)dim}
>dim(5.55556pt)dim

*\immediate\write16{>dim(\the\dp\ASYbox)dim}
>dim(1.55556pt)dim

*\fontsize{9}{10.8}\selectfont%

*
(Please type a command or say `\end')
*\usefont{\ASYencoding}{\ASYfamily}{\ASYseries}{\ASYshape}%

*
(Please type a command or say `\end')
*\setbox\ASYbox=\hbox{O}

*
(Please type a command or say `\end')
*\immediate\write16{>dim(\the\wd\ASYbox)dim}
>dim(7.1944pt)dim

*\immediate\write16{>dim(\the\ht\ASYbox)dim}
>dim(6.14998pt)dim

*\immediate\write16{>dim(\the\dp\ASYbox)dim}
>dim(0.0pt)dim

*\fontsize{10}{12}\selectfont%

*
(Please type a command or say `\end')
*\setbox\ASYbox=\hbox{$v_{B/O_1}$}

*
(Please type a command or say `\end')
*\immediate\write16{>dim(\the\wd\ASYbox)dim}
>dim(25.81277pt)dim

*\immediate\write16{>dim(\the\ht\ASYbox)dim}
>dim(4.30554pt)dim

*\immediate\write16{>dim(\the\dp\ASYbox)dim}
>dim(3.55557pt)dim

*\setbox\ASYbox=\hbox{$v_{C/O_2}$}

*
(Please type a command or say `\end')
*\immediate\write16{>dim(\the\wd\ASYbox)dim}
>dim(25.44048pt)dim

*\immediate\write16{>dim(\the\ht\ASYbox)dim}
>dim(4.30554pt)dim

*\immediate\write16{>dim(\the\dp\ASYbox)dim}
>dim(3.55557pt)dim

*\setbox\ASYbox=\hbox{$v_{slip}$}

*
(Please type a command or say `\end')
*\immediate\write16{>dim(\the\wd\ASYbox)dim}
>dim(18.64264pt)dim

*\immediate\write16{>dim(\the\ht\ASYbox)dim}
>dim(4.30554pt)dim

*\immediate\write16{>dim(\the\dp\ASYbox)dim}
>dim(2.86108pt)dim

*\setbox\ASYbox=\hbox{$v_D$}

*
(Please type a command or say `\end')
*\immediate\write16{>dim(\the\wd\ASYbox)dim}
>dim(12.101pt)dim

*\immediate\write16{>dim(\the\ht\ASYbox)dim}
>dim(4.30554pt)dim

*\immediate\write16{>dim(\the\dp\ASYbox)dim}
>dim(1.49998pt)dim

*\fontsize{8}{9.6}\selectfont%

*
(Please type a command or say `\end')
*\setbox\ASYbox=\hbox{closure}

*
(Please type a command or say `\end')
*\immediate\write16{>dim(\the\wd\ASYbox)dim}
>dim(25.55453pt)dim

*\immediate\write16{>dim(\the\ht\ASYbox)dim}
>dim(5.55556pt)dim

*\immediate\write16{>dim(\the\dp\ASYbox)dim}
>dim(0.0pt)dim

*\fontsize{11}{13.2}\selectfont%

*
(Please type a command or say `\end')
*\setbox\ASYbox=\hbox{VELOCITY POLYGON}

*
(Please type a command or say `\end')
*\immediate\write16{>dim(\the\wd\ASYbox)dim}
>dim(118.09286pt)dim

*\immediate\write16{>dim(\the\ht\ASYbox)dim}
>dim(7.48248pt)dim

*\immediate\write16{>dim(\the\dp\ASYbox)dim}
>dim(0.0pt)dim

*\setbox\ASYbox=\hbox{CONSTRAINT EQUATIONS}

*
(Please type a command or say `\end')
*\immediate\write16{>dim(\the\wd\ASYbox)dim}
>dim(144.7835pt)dim

*\immediate\write16{>dim(\the\ht\ASYbox)dim}
>dim(7.48248pt)dim

*\immediate\write16{>dim(\the\dp\ASYbox)dim}
>dim(2.12917pt)dim

*\fontsize{9}{10.8}\selectfont%

*
(Please type a command or say `\end')
*\setbox\ASYbox=\hbox{At joint B:}

*
(Please type a command or say `\end')
*\immediate\write16{>dim(\the\wd\ASYbox)dim}
>dim(44.06357pt)dim

*\immediate\write16{>dim(\the\ht\ASYbox)dim}
>dim(6.14998pt)dim

*\immediate\write16{>dim(\the\dp\ASYbox)dim}
>dim(1.75pt)dim

*\setbox\ASYbox=\hbox{$\vec{v}_B^{abs} = \vec{v}_{B/O_1}$}

*
(Please type a command or say `\end')
*\immediate\write16{>dim(\the\wd\ASYbox)dim}
>dim(52.6716pt)dim

*\immediate\write16{>dim(\the\ht\ASYbox)dim}
>dim(7.98996pt)dim

*\immediate\write16{>dim(\the\dp\ASYbox)dim}
>dim(2.90002pt)dim

*\fontsize{8}{9.6}\selectfont%

*
(Please type a command or say `\end')
*\setbox\ASYbox=\hbox{velocity of crank point}

*
(Please type a command or say `\end')
*\immediate\write16{>dim(\the\wd\ASYbox)dim}
>dim(83.82759pt)dim

*\immediate\write16{>dim(\the\ht\ASYbox)dim}
>dim(5.55556pt)dim

*\immediate\write16{>dim(\the\dp\ASYbox)dim}
>dim(1.55556pt)dim

*\fontsize{9}{10.8}\selectfont%

*
(Please type a command or say `\end')
*\setbox\ASYbox=\hbox{$\vec{v}_B = \vec{v}_{C/O_2} + \vec{v}_{slip}$}

*
(Please type a command or say `\end')
*\immediate\write16{>dim(\the\wd\ASYbox)dim}
>dim(75.773pt)dim

*\immediate\write16{>dim(\the\ht\ASYbox)dim}
>dim(6.44pt)dim

*\immediate\write16{>dim(\the\dp\ASYbox)dim}
>dim(2.90002pt)dim

*\fontsize{8}{9.6}\selectfont%

*
(Please type a command or say `\end')
*\setbox\ASYbox=\hbox{B on link O$_2$D (slotted)}

*
(Please type a command or say `\end')
*\immediate\write16{>dim(\the\wd\ASYbox)dim}
>dim(89.20673pt)dim

*\immediate\write16{>dim(\the\ht\ASYbox)dim}
>dim(6.0pt)dim

*\immediate\write16{>dim(\the\dp\ASYbox)dim}
>dim(2.0pt)dim

*\fontsize{9}{10.8}\selectfont%

*
(Please type a command or say `\end')
*\setbox\ASYbox=\hbox{At block D:}

*
(Please type a command or say `\end')
*\immediate\write16{>dim(\the\wd\ASYbox)dim}
>dim(47.40382pt)dim

*\immediate\write16{>dim(\the\ht\ASYbox)dim}
>dim(6.25pt)dim

*\immediate\write16{>dim(\the\dp\ASYbox)dim}
>dim(0.0pt)dim

*\setbox\ASYbox=\hbox{$\vec{v}_D = v_D \hat{\mathbf{i}}$}

*
(Please type a command or say `\end')
*\immediate\write16{>dim(\the\wd\ASYbox)dim}
>dim(37.6458pt)dim

*\immediate\write16{>dim(\the\ht\ASYbox)dim}
>dim(8.62502pt)dim

*\immediate\write16{>dim(\the\dp\ASYbox)dim}
>dim(1.00003pt)dim

*\fontsize{8}{9.6}\selectfont%

*
(Please type a command or say `\end')
*\setbox\ASYbox=\hbox{D slides horizontally}

*
(Please type a command or say `\end')
*\immediate\write16{>dim(\the\wd\ASYbox)dim}
>dim(76.00804pt)dim

*\immediate\write16{>dim(\the\ht\ASYbox)dim}
>dim(5.55556pt)dim

*\immediate\write16{>dim(\the\dp\ASYbox)dim}
>dim(1.55556pt)dim

*\fontsize{10}{12}\selectfont%

*
(Please type a command or say `\end')
*\setbox\ASYbox=\hbox{CLOSURE CONDITION:}

*
(Please type a command or say `\end')
*\immediate\write16{>dim(\the\wd\ASYbox)dim}
>dim(114.44466pt)dim

*\immediate\write16{>dim(\the\ht\ASYbox)dim}
>dim(6.83331pt)dim

*\immediate\write16{>dim(\the\dp\ASYbox)dim}
>dim(0.0pt)dim

*\fontsize{9}{10.8}\selectfont%

*
(Please type a command or say `\end')
*\setbox\ASYbox=\hbox{$\vec{v}_{B/O_1} + \vec{v}_{C/O_2} + \vec{v}_{slip} + \ve
c{v}_D = \vec{0}$}

*
(Please type a command or say `\end')
*\immediate\write16{>dim(\the\wd\ASYbox)dim}
>dim(127.5266pt)dim

*\immediate\write16{>dim(\the\ht\ASYbox)dim}
>dim(8.365pt)dim

*\immediate\write16{>dim(\the\dp\ASYbox)dim}
>dim(2.90002pt)dim

*\fontsize{11}{13.2}\selectfont%

*
(Please type a command or say `\end')
*\setbox\ASYbox=\hbox{VECTOR COMPONENTS}

*
(Please type a command or say `\end')
*\immediate\write16{>dim(\the\wd\ASYbox)dim}
>dim(132.00851pt)dim

*\immediate\write16{>dim(\the\ht\ASYbox)dim}
>dim(7.48248pt)dim

*\immediate\write16{>dim(\the\dp\ASYbox)dim}
>dim(0.0pt)dim

*\fontsize{8}{9.6}\selectfont%

*
(Please type a command or say `\end')
*\setbox\ASYbox=\hbox{$v_{B/O_1}$ direction:}

*
(Please type a command or say `\end')
*\immediate\write16{>dim(\the\wd\ASYbox)dim}
>dim(61.61124pt)dim

*\immediate\write16{>dim(\the\ht\ASYbox)dim}
>dim(5.55556pt)dim

*\immediate\write16{>dim(\the\dp\ASYbox)dim}
>dim(3.24445pt)dim

*\fontsize{7}{8.4}\selectfont%

*
(Please type a command or say `\end')
*\setbox\ASYbox=\hbox{perpendicular to crank O$_1$B}

*
(Please type a command or say `\end')
*\immediate\write16{>dim(\the\wd\ASYbox)dim}
>dim(98.05605pt)dim

*\immediate\write16{>dim(\the\ht\ASYbox)dim}
>dim(4.8611pt)dim

*\immediate\write16{>dim(\the\dp\ASYbox)dim}
>dim(1.3611pt)dim

*\fontsize{8}{9.6}\selectfont%

*
(Please type a command or say `\end')
*\setbox\ASYbox=\hbox{$v_{C/O_2}$ direction:}

*
(Please type a command or say `\end')
*\immediate\write16{>dim(\the\wd\ASYbox)dim}
>dim(61.28778pt)dim

*\immediate\write16{>dim(\the\ht\ASYbox)dim}
>dim(5.55556pt)dim

*\immediate\write16{>dim(\the\dp\ASYbox)dim}
>dim(3.24445pt)dim

*\fontsize{7}{8.4}\selectfont%

*
(Please type a command or say `\end')
*\setbox\ASYbox=\hbox{perpendicular to link O$_2$D}

*
(Please type a command or say `\end')
*\immediate\write16{>dim(\the\wd\ASYbox)dim}
>dim(92.34769pt)dim

*\immediate\write16{>dim(\the\ht\ASYbox)dim}
>dim(4.8611pt)dim

*\immediate\write16{>dim(\the\dp\ASYbox)dim}
>dim(1.3611pt)dim

*\fontsize{8}{9.6}\selectfont%

*
(Please type a command or say `\end')
*\setbox\ASYbox=\hbox{$v_{slip}$ direction:}

*
(Please type a command or say `\end')
*\immediate\write16{>dim(\the\wd\ASYbox)dim}
>dim(54.86934pt)dim

*\immediate\write16{>dim(\the\ht\ASYbox)dim}
>dim(5.55556pt)dim

*\immediate\write16{>dim(\the\dp\ASYbox)dim}
>dim(2.57779pt)dim

*\fontsize{7}{8.4}\selectfont%

*
(Please type a command or say `\end')
*\setbox\ASYbox=\hbox{along slot direction (O$_2$D)}

*
(Please type a command or say `\end')
*\immediate\write16{>dim(\the\wd\ASYbox)dim}
>dim(92.28659pt)dim

*\immediate\write16{>dim(\the\ht\ASYbox)dim}
>dim(5.25pt)dim

*\immediate\write16{>dim(\the\dp\ASYbox)dim}
>dim(1.75pt)dim

*\fontsize{8}{9.6}\selectfont%

*
(Please type a command or say `\end')
*\setbox\ASYbox=\hbox{$v_D$ direction:}

*
(Please type a command or say `\end')
*\immediate\write16{>dim(\the\wd\ASYbox)dim}
>dim(48.6083pt)dim

*\immediate\write16{>dim(\the\ht\ASYbox)dim}
>dim(5.55556pt)dim

*\immediate\write16{>dim(\the\dp\ASYbox)dim}
>dim(1.34445pt)dim

*\fontsize{7}{8.4}\selectfont%

*
(Please type a command or say `\end')
*\setbox\ASYbox=\hbox{horizontal (sliding constraint)}

*
(Please type a command or say `\end')
*\immediate\write16{>dim(\the\wd\ASYbox)dim}
>dim(104.28105pt)dim

*\immediate\write16{>dim(\the\ht\ASYbox)dim}
>dim(5.25pt)dim

*\immediate\write16{>dim(\the\dp\ASYbox)dim}
>dim(1.75pt)dim

*\fontsize{11}{13.2}\selectfont%

*
(Please type a command or say `\end')
*\setbox\ASYbox=\hbox{LEGEND}

*
(Please type a command or say `\end')
*\immediate\write16{>dim(\the\wd\ASYbox)dim}
>dim(46.91777pt)dim

*\immediate\write16{>dim(\the\ht\ASYbox)dim}
>dim(7.48248pt)dim

*\immediate\write16{>dim(\the\dp\ASYbox)dim}
>dim(0.0pt)dim

*\fontsize{8}{9.6}\selectfont%

*
(Please type a command