This is pdfTeX, Version 3.141592653-2.6-1.40.27 (MiKTeX 25.4) (preloaded format=latex 2025.9.27)  12 OCT 2025 15:49
entering extended mode
 restricted \write18 enabled.
 %&-line parsing enabled.
**\scrollmode

*
(Please type a command or say `\end')
*\documentclass[12pt]{article}

*\let\paperwidthsave\paperwidth\let\paperwidth\undefined
(C:\Users\sewak\AppData\Local\Programs\MiKTeX\tex/latex/base\article.cls
Document Class: article 2025/01/22 v1.4n Standard LaTeX document class
(C:\Users\sewak\AppData\Local\Programs\MiKTeX\tex/latex/base\size12.clo
File: size12.clo 2025/01/22 v1.4n Standard LaTeX file (size option)
)
\c@part=\count275
\c@section=\count276
\c@subsection=\count277
\c@subsubsection=\count278
\c@paragraph=\count279
\c@subparagraph=\count280
\c@figure=\count281
\c@table=\count282
\abovecaptionskip=\skip49
\belowcaptionskip=\skip50
\bibindent=\dimen148
)
*\usepackage{graphicx}

*\let\paperwidth\paperwidthsave
(C:\Users\sewak\AppData\Local\Programs\MiKTeX\tex/latex/graphics\graphicx.sty
Package: graphicx 2024/12/31 v1.2e Enhanced LaTeX Graphics (DPC,SPQR)

(C:\Users\sewak\AppData\Local\Programs\MiKTeX\tex/latex/graphics\keyval.sty
Package: keyval 2022/05/29 v1.15 key=value parser (DPC)
\KV@toks@=\toks17
)
(C:\Users\sewak\AppData\Local\Programs\MiKTeX\tex/latex/graphics\graphics.sty
Package: graphics 2024/08/06 v1.4g Standard LaTeX Graphics (DPC,SPQR)

(C:\Users\sewak\AppData\Local\Programs\MiKTeX\tex/latex/graphics\trig.sty
Package: trig 2023/12/02 v1.11 sin cos tan (DPC)
)
(C:\Users\sewak\AppData\Local\Programs\MiKTeX\tex/latex/graphics-cfg\graphics.c
fg
File: graphics.cfg 2016/06/04 v1.11 sample graphics configuration
)
Package graphics Info: Driver file: dvips.def on input line 106.

(C:\Users\sewak\AppData\Local\Programs\MiKTeX\tex/latex/graphics-def\dvips.def
File: dvips.def 2022/09/22 v3.1e Graphics/color driver for dvips
))
\Gin@req@height=\dimen149
\Gin@req@width=\dimen150
)
*\newbox\ASYbox
\ASYbox=\box53

*\newdimen\ASYdimen
\ASYdimen=\dimen151

*\def\ASYprefix{}

*\long\def\ASYbase#1#2{\leavevmode\setbox\ASYbox=\hbox{#1}%\ASYdimen=\ht\ASYbox
%

*\setbox\ASYbox=\hbox{#2}\lower\ASYdimen\box\ASYbox}

*\makeatletter

*\def\Ginclude@eps#1{%

* \message{<#1>}%

*  \bgroup

*  \def\@tempa{!}%

*  \dimen@\Gin@req@width

*  \dimen@ii.1bp%

*  \divide\dimen@\dimen@ii

*  \@tempdima\Gin@req@height

*  \divide\@tempdima\dimen@ii

*    \special{PSfile=#1\space

*      llx=\Gin@llx\space

*      lly=\Gin@lly\space

*      urx=\Gin@urx\space

*      ury=\Gin@ury\space

*      \ifx\Gin@scalex\@tempa\else rwi=\number\dimen@\space\fi

*      \ifx\Gin@scaley\@tempa\else rhi=\number\@tempdima\space\fi

*      \ifGin@clip clip\fi}%

*  \egroup}

*\makeatother

*\begin{document}

(C:\Users\sewak\AppData\Local\Programs\MiKTeX\tex/latex/l3backend\l3backend-dvi
ps.def
File: l3backend-dvips.def 2025-06-09 L3 backend support: dvips
\l__pdfannot_backend_content_box=\box54
\l__pdfannot_backend_model_box=\box55
\g__pdfannot_backend_int=\count283
\g__pdfannot_backend_link_int=\count284
\g__pdfannot_backend_link_sf_int=\count285
) (texput.aux)
\openout1 = `texput.aux'.

LaTeX Font Info:    Checking defaults for OML/cmm/m/it on input line 0.
LaTeX Font Info:    ... okay on input line 0.
LaTeX Font Info:    Checking defaults for OMS/cmsy/m/n on input line 0.
LaTeX Font Info:    ... okay on input line 0.
LaTeX Font Info:    Checking defaults for OT1/cmr/m/n on input line 0.
LaTeX Font Info:    ... okay on input line 0.
LaTeX Font Info:    Checking defaults for T1/cmr/m/n on input line 0.
LaTeX Font Info:    ... okay on input line 0.
LaTeX Font Info:    Checking defaults for TS1/cmr/m/n on input line 0.
LaTeX Font Info:    ... okay on input line 0.
LaTeX Font Info:    Checking defaults for OMX/cmex/m/n on input line 0.
LaTeX Font Info:    ... okay on input line 0.
LaTeX Font Info:    Checking defaults for U/cmr/m/n on input line 0.
LaTeX Font Info:    ... okay on input line 0.

*\makeatletter%

*\let\ASYencoding\f@encoding%

*\let\ASYfamily\f@family%

*\let\ASYseries\f@series%

*\let\ASYshape\f@shape%

*\makeatother%

*\fontsize{12}{14.4}\selectfont%

*
(Please type a command or say `\end')
*\usefont{\ASYencoding}{\ASYfamily}{\ASYseries}{\ASYshape}%

*
(Please type a command or say `\end')
*\setbox\ASYbox=\hbox{$x$}
LaTeX Font Info:    External font `cmex10' loaded for size
(Font)              <12> on input line 0.
LaTeX Font Info:    External font `cmex10' loaded for size
(Font)              <8> on input line 0.
LaTeX Font Info:    External font `cmex10' loaded for size
(Font)              <6> on input line 0.

*
(Please type a command or say `\end')
*\immediate\write16{>dim(\the\wd\ASYbox)dim}
>dim(6.67703pt)dim

*\immediate\write16{>dim(\the\ht\ASYbox)dim}
>dim(5.16667pt)dim

*\immediate\write16{>dim(\the\dp\ASYbox)dim}
>dim(0.0pt)dim

*\fontsize{12}{14.4}\selectfont%

*
(Please type a command or say `\end')
*\usefont{\ASYencoding}{\ASYfamily}{\ASYseries}{\ASYshape}%

*
(Please type a command or say `\end')
*\setbox\ASYbox=\hbox{$y$}

*
(Please type a command or say `\end')
*\immediate\write16{>dim(\the\wd\ASYbox)dim}
>dim(6.15965pt)dim

*\immediate\write16{>dim(\the\ht\ASYbox)dim}
>dim(5.16667pt)dim

*\immediate\write16{>dim(\the\dp\ASYbox)dim}
>dim(2.33331pt)dim

*\fontsize{12}{14.4}\selectfont%

*
(Please type a command or say `\end')
*\usefont{\ASYencoding}{\ASYfamily}{\ASYseries}{\ASYshape}%

*
(Please type a command or say `\end')
*\setbox\ASYbox=\hbox{$z$}

*
(Please type a command or say `\end')
*\immediate\write16{>dim(\the\wd\ASYbox)dim}
>dim(5.993pt)dim

*\immediate\write16{>dim(\the\ht\ASYbox)dim}
>dim(5.16667pt)dim

*\immediate\write16{>dim(\the\dp\ASYbox)dim}
>dim(0.0pt)dim

*\fontsize{12}{14.4}\selectfont%

*
(Please type a command or say `\end')
*\usefont{\ASYencoding}{\ASYfamily}{\ASYseries}{\ASYshape}%

*
(Please type a command or say `\end')
*\setbox\ASYbox=\hbox{$X'$}

*
(Please type a command or say `\end')
*\immediate\write16{>dim(\the\wd\ASYbox)dim}
>dim(13.50061pt)dim

*\immediate\write16{>dim(\the\ht\ASYbox)dim}
>dim(8.79916pt)dim

*\immediate\write16{>dim(\the\dp\ASYbox)dim}
>dim(0.0pt)dim

*\fontsize{12}{14.4}\selectfont%

*
(Please type a command or say `\end')
*\usefont{\ASYencoding}{\ASYfamily}{\ASYseries}{\ASYshape}%

*
(Please type a command or say `\end')
*\setbox\ASYbox=\hbox{$Y'$}

*
(Please type a command or say `\end')
*\immediate\write16{>dim(\the\wd\ASYbox)dim}
>dim(12.23393pt)dim

*\immediate\write16{>dim(\the\ht\ASYbox)dim}
>dim(8.79916pt)dim

*\immediate\write16{>dim(\the\dp\ASYbox)dim}
>dim(0.0pt)dim

*\fontsize{12}{14.4}\selectfont%

*
(Please type a command or say `\end')
*\usefont{\ASYencoding}{\ASYfamily}{\ASYseries}{\ASYshape}%

*
(Please type a command or say `\end')
*\setbox\ASYbox=\hbox{$Z'$}

*
(Please type a command or say `\end')
*\immediate\write16{>dim(\the\wd\ASYbox)dim}
>dim(11.70964pt)dim

*\immediate\write16{>dim(\the\ht\ASYbox)dim}
>dim(8.79916pt)dim

*\immediate\write16{>dim(\the\dp\ASYbox)dim}
>dim(0.0pt)dim

*\fontsize{12}{14.4}\selectfont%

*
(Please type a command or say `\end')
*\usefont{\ASYencoding}{\ASYfamily}{\ASYseries}{\ASYshape}%

*
(Please type a command or say `\end')
*\setbox\ASYbox=\hbox{$\sigma_{X'X'}$}

*
(Please type a command or say `\end')
*\immediate\write16{>dim(\the\wd\ASYbox)dim}
>dim(27.79803pt)dim

*\immediate\write16{>dim(\the\ht\ASYbox)dim}
>dim(5.16667pt)dim

*\immediate\write16{>dim(\the\dp\ASYbox)dim}
>dim(1.79999pt)dim

*\fontsize{12}{14.4}\selectfont%

*
(Please type a command or say `\end')
*\usefont{\ASYencoding}{\ASYfamily}{\ASYseries}{\ASYshape}%

*
(Please type a command or say `\end')
*\setbox\ASYbox=\hbox{$\sigma_{X'Y'}$}

*
(Please type a command or say `\end')
*\immediate\write16{>dim(\the\wd\ASYbox)dim}
>dim(26.99805pt)dim

*\immediate\write16{>dim(\the\ht\ASYbox)dim}
>dim(5.16667pt)dim

*\immediate\write16{>dim(\the\dp\ASYbox)dim}
>dim(1.79999pt)dim

*\fontsize{12}{14.4}\selectfont%

*
(Please type a command or say `\end')
*\usefont{\ASYencoding}{\ASYfamily}{\ASYseries}{\ASYshape}%

*
(Please type a command or say `\end')
*\setbox\ASYbox=\hbox{$\sigma_{X'Z'}$}

*
(Please type a command or say `\end')
*\immediate\write16{>dim(\the\wd\ASYbox)dim}
>dim(26.50774pt)dim

*\immediate\write16{>dim(\the\ht\ASYbox)dim}
>dim(5.16667pt)dim

*\immediate\write16{>dim(\the\dp\ASYbox)dim}
>dim(1.79999pt)dim

*\fontsize{11}{13.2}\selectfont%

*
(Please type a command or say `\end')
*\usefont{\ASYencoding}{\ASYfamily}{\ASYseries}{\ASYshape}%

*
(Please type a command or say `\end')
*\setbox\ASYbox=\hbox{Overlapping View: Original and Transformed Coordinate Sys
tems}

*
(Please type a command or say `\end')
*\immediate\write16{>dim(\the\wd\ASYbox)dim}
>dim(317.5808pt)dim

*\immediate\write16{>dim(\the\ht\ASYbox)dim}
>dim(7.60416pt)dim

*\immediate\write16{>dim(\the\dp\ASYbox)dim}
>dim(2.12917pt)dim

*\fontsize{12}{14.4}\selectfont%

*
(Please type a command or say `\end')
*\usefont{\ASYencoding}{\ASYfamily}{\ASYseries}{\ASYshape}%

*
(Please type a command or say `\end')
*\setbox\ASYbox=\hbox{Direction cosines (orthonormalized):}

*
(Please type a command or say `\end')
*\immediate\write16{>dim(\the\wd\ASYbox)dim}
>dim(186.65779pt)dim

*\immediate\write16{>dim(\the\ht\ASYbox)dim}
>dim(9.0pt)dim

*\immediate\write16{>dim(\the\dp\ASYbox)dim}
>dim(3.0pt)dim

*\fontsize{12}{14.4}\selectfont%

*
(Please type a command or say `\end')
*\usefont{\ASYencoding}{\ASYfamily}{\ASYseries}{\ASYshape}%

*
(Please type a command or say `\end')
*\setbox\ASYbox=\hbox{$X' = (0.80, 0.50, 0.30)$}

*
(Please type a command or say `\end')
*\immediate\write16{>dim(\the\wd\ASYbox)dim}
>dim(111.63843pt)dim

*\immediate\write16{>dim(\the\ht\ASYbox)dim}
>dim(9.0pt)dim

*\immediate\write16{>dim(\the\dp\ASYbox)dim}
>dim(3.0pt)dim

*\fontsize{12}{14.4}\selectfont%

*
(Please type a command or say `\end')
*\usefont{\ASYencoding}{\ASYfamily}{\ASYseries}{\ASYshape}%

*
(Please type a command or say `\end')
*\setbox\ASYbox=\hbox{$Y' = (-0.51, 0.75, 0.42)$}

*
(Please type a command or say `\end')
*\immediate\write16{>dim(\the\wd\ASYbox)dim}
>dim(119.70511pt)dim

*\immediate\write16{>dim(\the\ht\ASYbox)dim}
>dim(9.0pt)dim

*\immediate\write16{>dim(\the\dp\ASYbox)dim}
>dim(3.0pt)dim

*\fontsize{12}{14.4}\selectfont%

*
(Please type a command or say `\end')
*\usefont{\ASYencoding}{\ASYfamily}{\ASYseries}{\ASYshape}%

*
(Please type a command or say `\end')
*\setbox\ASYbox=\hbox{$Z' = (0.32, -0.43, 0.85)$}

*
(Please type a command or say `\end')
*\immediate\write16{>dim(\the\wd\ASYbox)dim}
>dim(119.18082pt)dim

*\immediate\write16{>dim(\the\ht\ASYbox)dim}
>dim(9.0pt)dim

*\immediate\write16{>dim(\the\dp\ASYbox)dim}
>dim(3.0pt)dim

*\fontsize{12}{14.4}\selectfont%

*
(Please type a command or say `\end')
*\usefont{\ASYencoding}{\ASYfamily}{\ASYseries}{\ASYshape}%

*
(Please type a command or say `\end')
*\setbox\ASYbox=\hbox{$x$}

*
(Please type a command or say `\end')
*\immediate\write16{>dim(\the\wd\ASYbox)dim}
>dim(6.67703pt)dim

*\immediate\write16{>dim(\the\ht\ASYbox)dim}
>dim(5.16667pt)dim

*\immediate\write16{>dim(\the\dp\ASYbox)dim}
>dim(0.0pt)dim

*\fontsize{12}{14.4}\selectfont%

*
(Please type a command or say `\end')
*\usefont{\ASYencoding}{\ASYfamily}{\ASYseries}{\ASYshape}%

*
(Please type a command or say `\end')
*\setbox\ASYbox=\hbox{$x$}

*
(Please type a command or say `\end')
*\immediate\write16{>dim(\the\wd\ASYbox)dim}
>dim(6.67703pt)dim

*\immediate\write16{>dim(\the\ht\ASYbox)dim}
>dim(5.16667pt)dim

*\immediate\write16{>dim(\the\dp\ASYbox)dim}
>dim(0.0pt)dim

*\fontsize{12}{14.4}\selectfont%

*
(Please type a command or say `\end')
*\usefont{\ASYencoding}{\ASYfamily}{\ASYseries}{\ASYshape}%

*
(Please type a command or say `\end')
*\setbox\ASYbox=\hbox{$y$}

*
(Please type a command or say `\end')
*\immediate\write16{>dim(\the\wd\ASYbox)dim}
>dim(6.15965pt)dim

*\immediate\write16{>dim(\the\ht\ASYbox)dim}
>dim(5.16667pt)dim

*\immediate\write16{>dim(\the\dp\ASYbox)dim}
>dim(2.33331pt)dim

*\fontsize{12}{14.4}\selectfont%

*
(Please type a command or say `\end')
*\usefont{\ASYencoding}{\ASYfamily}{\ASYseries}{\ASYshape}%

*
(Please type a command or say `\end')
*\setbox\ASYbox=\hbox{$y$}

*
(Please type a command or say `\end')
*\immediate\write16{>dim(\the\wd\ASYbox)dim}
>dim(6.15965pt)dim

*\immediate\write16{>dim(\the\ht\ASYbox)dim}
>dim(5.16667pt)dim

*\immediate\write16{>dim(\the\dp\ASYbox)dim}
>dim(2.33331pt)dim

*\fontsize{12}{14.4}\selectfont%

*
(Please type a command or say `\end')
*\usefont{\ASYencoding}{\ASYfamily}{\ASYseries}{\ASYshape}%

*
(Please type a command or say `\end')
*\setbox\ASYbox=\hbox{$z$}

*
(Please type a command or say `\end')
*\immediate\write16{>dim(\the\wd\ASYbox)dim}
>dim(5.993pt)dim

*\immediate\write16{>dim(\the\ht\ASYbox)dim}
>dim(5.16667pt)dim

*\immediate\write16{>dim(\the\dp\ASYbox)dim}
>dim(0.0pt)dim

*\fontsize{12}{14.4}\selectfont%

*
(Please type a command or say `\end')
*\usefont{\ASYencoding}{\ASYfamily}{\ASYseries}{\ASYshape}%

*
(Please type a command or say `\end')
*\setbox\ASYbox=\hbox{$z$}

*
(Please type a command or say `\end')
*\immediate\write16{>dim(\the\wd\ASYbox)dim}
>dim(5.993pt)dim

*\immediate\write16{>dim(\the\ht\ASYbox)dim}
>dim(5.16667pt)dim

*\immediate\write16{>dim(\the\dp\ASYbox)dim}
>dim(0.0pt)dim

*\fontsize{12}{14.4}\selectfont%

*
(Please type a command or say `\end')
*\usefont{\ASYencoding}{\ASYfamily}{\ASYseries}{\ASYshape}%

*
(Please type a command or say `\end')
*\setbox\ASYbox=\hbox{$X'$}

*
(Please type a command or say `\end')
*\immediate\write16{>dim(\the\wd\ASYbox)dim}
>dim(13.50061pt)dim

*\immediate\write16{>dim(\the\ht\ASYbox)dim}
>dim(8.79916pt)dim

*\immediate\write16{>dim(\the\dp\ASYbox)dim}
>dim(0.0pt)dim

*\fontsize{12}{14.4}\selectfont%

*
(Please type a command or say `\end')
*\usefont{\ASYencoding}{\ASYfamily}{\ASYseries}{\ASYshape}%

*
(Please type a command or say `\end')
*\setbox\ASYbox=\hbox{$X'$}

*
(Please type a command or say `\end')
*\immediate\write16{>dim(\the\wd\ASYbox)dim}
>dim(13.50061pt)dim

*\immediate\write16{>dim(\the\ht\ASYbox)dim}
>dim(8.79916pt)dim

*\immediate\write16{>dim(\the\dp\ASYbox)dim}
>dim(0.0pt)dim

*\fontsize{12}{14.4}\selectfont%

*
(Please type a command or say `\end')
*\usefont{\ASYencoding}{\ASYfamily}{\ASYseries}{\ASYshape}%

*
(Please type a command or say `\end')
*\setbox\ASYbox=\hbox{$Y'$}

*
(Please type a command or say `\end')
*\immediate\write16{>dim(\the\wd\ASYbox)dim}
>dim(12.23393pt)dim

*\immediate\write16{>dim(\the\ht\ASYbox)dim}
>dim(8.79916pt)dim

*\immediate\write16{>dim(\the\dp\ASYbox)dim}
>dim(0.0pt)dim

*\fontsize{12}{14.4}\selectfont%

*
(Please type a command or say `\end')
*\usefont{\ASYencoding}{\ASYfamily}{\ASYseries}{\ASYshape}%

*
(Please type a command or say `\end')
*\setbox\ASYbox=\hbox{$Y'$}

*
(Please type a command or say `\end')
*\immediate\write16{>dim(\the\wd\ASYbox)dim}
>dim(12.23393pt)dim

*\immediate\write16{>dim(\the\ht\ASYbox)dim}
>dim(8.79916pt)dim

*\immediate\write16{>dim(\the\dp\ASYbox)dim}
>dim(0.0pt)dim

*\fontsize{12}{14.4}\selectfont%

*
(Please type a command or say `\end')
*\usefont{\ASYencoding}{\ASYfamily}{\ASYseries}{\ASYshape}%

*
(Please type a command or say `\end')
*\setbox\ASYbox=\hbox{$Z'$}

*
(Please type a command or say `\end')
*\immediate\write16{>dim(\the\wd\ASYbox)dim}
>dim(11.70964pt)dim

*\immediate\write16{>dim(\the\ht\ASYbox)dim}
>dim(8.79916pt)dim

*\immediate\write16{>dim(\the\dp\ASYbox)dim}
>dim(0.0pt)dim

*\fontsize{12}{14.4}\selectfont%

*
(Please type a command or say `\end')
*\usefont{\ASYencoding}{\ASYfamily}{\ASYseries}{\ASYshape}%

*
(Please type a command or say `\end')
*\setbox\ASYbox=\hbox{$Z'$}

*
(Please type a command or say `\end')
*\immediate\write16{>dim(\the\wd\ASYbox)dim}
>dim(11.70964pt)dim

*\immediate\write16{>dim(\the\ht\ASYbox)dim}
>dim(8.79916pt)dim

*\immediate\write16{>dim(\the\dp\ASYbox)dim}
>dim(0.0pt)dim

*\fontsize{12}{14.4}\selectfont%

*
(Please type a command or say `\end')
*\usefont{\ASYencoding}{\ASYfamily}{\ASYseries}{\ASYshape}%

*
(Please type a command or say `\end')
*\setbox\ASYbox=\hbox{$\sigma_{X'X'}$}

*
(Please type a command or say `\end')
*\immediate\write16{>dim(\the\wd\ASYbox)dim}
>dim(27.79803pt)dim

*\immediate\write16{>dim(\the\ht\ASYbox)dim}
>dim(5.16667pt)dim

*\immediate\write16{>dim(\the\dp\ASYbox)dim}
>dim(1.79999pt)dim

*\fontsize{12}{14.4}\selectfont%

*
(Please type a command or say `\end')
*\usefont{\ASYencoding}{\ASYfamily}{\ASYseries}{\ASYshape}%

*
(Please type a command or say `\end')
*\setbox\ASYbox=\hbox{$\sigma_{X'X'}$}

*
(Please type a command or say `\end')
*\immediate\write16{>dim(\the\wd\ASYbox)dim}
>dim(27.79803pt)dim

*\immediate\write16{>dim(\the\ht\ASYbox)dim}
>dim(5.16667pt)dim

*\immediate\write16{>dim(\the\dp\ASYbox)dim}
>dim(1.79999pt)dim

*\fontsize{12}{14.4}\selectfont%

*
(Please type a command or say `\end')
*\usefont{\ASYencoding}{\ASYfamily}{\ASYseries}{\ASYshape}%

*
(Please type a command or say `\end')
*\setbox\ASYbox=\hbox{$\sigma_{X'Y'}$}

*
(Please type a command or say `\end')
*\immediate\write16{>dim(\the\wd\ASYbox)dim}
>dim(26.99805pt)dim

*\immediate\write16{>dim(\the\ht\ASYbox)dim}
>dim(5.16667pt)dim

*\immediate\write16{>dim(\the\dp\ASYbox)dim}
>dim(1.79999pt)dim

*\fontsize{12}{14.4}\selectfont%

*
(Please type a command or say `\end')
*\usefont{\ASYencoding}{\ASYfamily}{\ASYseries}{\ASYshape}%

*
(Please type a command or say `\end')
*\setbox\ASYbox=\hbox{$\sigma_{X'Y'}$}

*
(Please type a command or say `\end')
*\immediate\write16{>dim(\the\wd\ASYbox)dim}
>dim(26.99805pt)dim

*\immediate\write16{>dim(\the\ht\ASYbox)dim}
>dim(5.16667pt)dim

*\immediate\write16{>dim(\the\dp\ASYbox)dim}
>dim(1.79999pt)dim

*\fontsize{12}{14.4}\selectfont%

*
(Please type a command or say `\end')
*\usefont{\ASYencoding}{\ASYfamily}{\ASYseries}{\ASYshape}%

*
(Please type a command or say `\end')
*\setbox\ASYbox=\hbox{$\sigma_{X'Z'}$}

*
(Please type a command or say `\end')
*\immediate\write16{>dim(\the\wd\ASYbox)dim}
>dim(26.50774pt)dim

*\immediate\write16{>dim(\the\ht\ASYbox)dim}
>dim(5.16667pt)dim

*\immediate\write16{>dim(\the\dp\ASYbox)dim}
>dim(1.79999pt)dim

*\fontsize{12}{14.4}\selectfont%

*
(Please type a command or say `\end')
*\usefont{\ASYencoding}{\ASYfamily}{\ASYseries}{\ASYshape}%

*
(Please type a command or say `\end')
*\setbox\ASYbox=\hbox{$\sigma_{X'Z'}$}

*
(Please type a command or say `\end')
*\immediate\write16{>dim(\the\wd\ASYbox)dim}
>dim(26.50774pt)dim

*\immediate\write16{>dim(\the\ht\ASYbox)dim}
>dim(5.16667pt)dim

*\immediate\write16{>dim(\the\dp\ASYbox)dim}
>dim(1.79999pt)dim

*\fontsize{11}{13.2}\selectfont%

*
(Please type a command or say `\end')
*\usefont{\ASYencoding}{\ASYfamily}{\ASYseries}{\ASYshape}%

*
(Please type a command or say `\end')
*\setbox\ASYbox=\hbox{Overlapping View: Original and Transformed Coordinate Sys
tems}

*
(Please type a command or say `\end')
*\immediate\write16{>dim(\the\wd\ASYbox)dim}
>dim(317.5808pt)dim

*\immediate\write16{>dim(\the\ht\ASYbox)dim}
>dim(7.60416pt)dim

*\immediate\write16{>dim(\the\dp\ASYbox)dim}
>dim(2.12917pt)dim

*\fontsize{11}{13.2}\selectfont%

*
(Please type a command or say `\end')
*\usefont{\ASYencoding}{\ASYfamily}{\ASYseries}{\ASYshape}%

*
(Please type a command or say `\end')
*\setbox\ASYbox=\hbox{Overlapping View: Original and Transformed Coordinate Sys
tems}

*
(Please type a command or say `\end')
*\immediate\write16{>dim(\the\wd\ASYbox)dim}
>dim(317.5808pt)dim

*\immediate\write16{>dim(\the\ht\ASYbox)dim}
>dim(7.60416pt)dim

*\immediate\write16{>dim(\the\dp\ASYbox)dim}
>dim(2.12917pt)dim

*\fontsize{12}{14.4}\selectfont%

*
(Please type a command or say `\end')
*\usefont{\ASYencoding}{\ASYfamily}{\ASYseries}{\ASYshape}%

*
(Please type a command or say `\end')
*\setbox\ASYbox=\hbox{Direction cosines (orthonormalized):}

*
(Please type a command or say `\end')
*\immediate\write16{>dim(\the\wd\ASYbox)dim}
>dim(186.65779pt)dim

*\immediate\write16{>dim(\the\ht\ASYbox)dim}
>dim(9.0pt)dim

*\immediate\write16{>dim(\the\dp\ASYbox)dim}
>dim(3.0pt)dim

*\fontsize{12}{14.4}\selectfont%

*
(Please type a command or say `\end')
*\usefont{\ASYencoding}{\ASYfamily}{\ASYseries}{\ASYshape}%

*
(Please type a command or say `\end')
*\setbox\ASYbox=\hbox{Direction cosines (orthonormalized):}

*
(Please type a command or say `\end')
*\immediate\write16{>dim(\the\wd\ASYbox)dim}
>dim(186.65779pt)dim

*\immediate\write16{>dim(\the\ht\ASYbox)dim}
>dim(9.0pt)dim

*\immediate\write16{>dim(\the\dp\ASYbox)dim}
>dim(3.0pt)dim

*\fontsize{12}{14.4}\selectfont%

*
(Please type a command or say `\end')
*\usefont{\ASYencoding}{\ASYfamily}{\ASYseries}{\ASYshape}%

*
(Please type a command or say `\end')
*\setbox\ASYbox=\hbox{$X' = (0.80, 0.50, 0.30)$}

*
(Please type a command or say `\end')
*\immediate\write16{>dim(\the\wd\ASYbox)dim}
>dim(111.63843pt)dim

*\immediate\write16{>dim(\the\ht\ASYbox)dim}
>dim(9.0pt)dim

*\immediate\write16{>dim(\the\dp\ASYbox)dim}
>dim(3.0pt)dim

*\fontsize{12}{14.4}\selectfont%

*
(Please type a command or say `\end')
*\usefont{\ASYencoding}{\ASYfamily}{\ASYseries}{\ASYshape}%

*
(Please type a command or say `\end')
*\setbox\ASYbox=\hbox{$X' = (0.80, 0.50, 0.30)$}

*
(Please type a command or say `\end')
*\immediate\write16{>dim(\the\wd\ASYbox)dim}
>dim(111.63843pt)dim

*\immediate\write16{>dim(\the\ht\ASYbox)dim}
>dim(9.0pt)dim

*\immediate\write16{>dim(\the\dp\ASYbox)dim}
>dim(3.0pt)dim

*\fontsize{12}{14.4}\selectfont%

*
(Please type a command or say `\end')
*\usefont{\ASYencoding}{\ASYfamily}{\ASYseries}{\ASYshape}%

*
(Please type a command or say `\end')
*\setbox\ASYbox=\hbox{$Y' = (-0.51, 0.75, 0.42)$}

*
(Please type a command or say `\end')
*\immediate\write16{>dim(\the\wd\ASYbox)dim}
>dim(119.70511pt)dim

*\immediate\write16{>dim(\the\ht\ASYbox)dim}
>dim(9.0pt)dim

*\immediate\write16{>dim(\the\dp\ASYbox)dim}
>dim(3.0pt)dim

*\fontsize{12}{14.4}\selectfont%

*
(Please type a command or say `\end')
*\usefont{\ASYencoding}{\ASYfamily}{\ASYseries}{\ASYshape}%

*
(Please type a command or say `\end')
*\setbox\ASYbox=\hbox{$Y' = (-0.51, 0.75, 0.42)$}

*
(Please type a command or say `\end')
*\immediate\write16{>dim(\the\wd\ASYbox)dim}
>dim(119.70511pt)dim

*\immediate\write16{>dim(\the\ht\ASYbox)dim}
>dim(9.0pt)dim

*\immediate\write16{>dim(\the\dp\ASYbox)dim}
>dim(3.0pt)dim

*\fontsize{12}{14.4}\selectfont%

*
(Please type a command or say `\end')
*\usefont{\ASYencoding}{\ASYfamily}{\ASYseries}{\ASYshape}%

*
(Please type a command or say `\end')
*\setbox\ASYbox=\hbox{$Z' = (0.32, -0.43, 0.85)$}

*
(Please type a command or say `\end')
*\immediate\write16{>dim(\the\wd\ASYbox)dim}
>dim(119.18082pt)dim

*\immediate\write16{>dim(\the\ht\ASYbox)dim}
>dim(9.0pt)dim

*\immediate\write16{>dim(\the\dp\ASYbox)dim}
>dim(3.0pt)dim

*\fontsize{12}{14.4}\selectfont%

*
(Please type a command or say `\end')
*\usefont{\ASYencoding}{\ASYfamily}{\ASYseries}{\ASYshape}%

*
(Please type a command or say `\end')
*\setbox\ASYbox=\hbox{$Z' = (0.32, -0.43, 0.85)$}

*
(Please type a command or say `\end')
*\immediate\write16{>dim(\the\wd\ASYbox)dim}
>dim(119.18082pt)dim

*\immediate\write16{>dim(\the\ht\ASYbox)dim}
>dim(9.0pt)dim

*\immediate\write16{>dim(\the\dp\ASYbox)dim}
>dim(3.0pt)dim

*